INFO:root:Device=cuda
INFO:root:Average loss=0.4456426799297333
INFO:root:
[NISQA_VAL_SIM][mos][0][UTT][ MSE = 0.2891 | LCC = 0.8995 | SRCC = 0.8986 ]
INFO:root:
[NISQA_VAL_SIM][noi][0][UTT][ MSE = 0.2869 | LCC = 0.8522 | SRCC = 0.8269 ]
INFO:root:
[NISQA_VAL_SIM][col][0][UTT][ MSE = 0.3384 | LCC = 0.8257 | SRCC = 0.8228 ]
INFO:root:
[NISQA_VAL_SIM][dis][0][UTT][ MSE = 0.3200 | LCC = 0.8533 | SRCC = 0.8172 ]
INFO:root:
[NISQA_VAL_SIM][loud][0][UTT][ MSE = 0.2984 | LCC = 0.7683 | SRCC = 0.7688 ]
INFO:root:
[NISQA_VAL_LIVE][mos][0][UTT][ MSE = 0.2007 | LCC = 0.8441 | SRCC = 0.8496 ]
INFO:root:
[NISQA_VAL_LIVE][noi][0][UTT][ MSE = 0.3042 | LCC = 0.6712 | SRCC = 0.6582 ]
INFO:root:
[NISQA_VAL_LIVE][col][0][UTT][ MSE = 0.2588 | LCC = 0.5889 | SRCC = 0.5753 ]
INFO:root:
[NISQA_VAL_LIVE][dis][0][UTT][ MSE = 0.3246 | LCC = 0.5858 | SRCC = 0.5839 ]
INFO:root:
[NISQA_VAL_LIVE][loud][0][UTT][ MSE = 0.4360 | LCC = 0.6237 | SRCC = 0.6474 ]
INFO:root:Average loss=0.24339956045150757
INFO:root:
[NISQA_VAL_SIM][mos][1][UTT][ MSE = 0.2567 | LCC = 0.9144 | SRCC = 0.9142 ]
INFO:root:
[NISQA_VAL_SIM][noi][1][UTT][ MSE = 0.2570 | LCC = 0.8681 | SRCC = 0.8426 ]
INFO:root:
[NISQA_VAL_SIM][col][1][UTT][ MSE = 0.3020 | LCC = 0.8481 | SRCC = 0.8447 ]
INFO:root:
[NISQA_VAL_SIM][dis][1][UTT][ MSE = 0.2909 | LCC = 0.8693 | SRCC = 0.8297 ]
INFO:root:
[NISQA_VAL_SIM][loud][1][UTT][ MSE = 0.2968 | LCC = 0.7848 | SRCC = 0.7831 ]
INFO:root:
[NISQA_VAL_LIVE][mos][1][UTT][ MSE = 0.1652 | LCC = 0.8603 | SRCC = 0.8563 ]
INFO:root:
[NISQA_VAL_LIVE][noi][1][UTT][ MSE = 0.2895 | LCC = 0.6930 | SRCC = 0.6748 ]
INFO:root:
[NISQA_VAL_LIVE][col][1][UTT][ MSE = 0.2760 | LCC = 0.5787 | SRCC = 0.5593 ]
INFO:root:
[NISQA_VAL_LIVE][dis][1][UTT][ MSE = 0.3008 | LCC = 0.6199 | SRCC = 0.6259 ]
INFO:root:
[NISQA_VAL_LIVE][loud][1][UTT][ MSE = 0.2736 | LCC = 0.7091 | SRCC = 0.7070 ]
INFO:root:Average loss=0.2181398868560791
INFO:root:
[NISQA_VAL_SIM][mos][2][UTT][ MSE = 0.2385 | LCC = 0.9187 | SRCC = 0.9183 ]
INFO:root:
[NISQA_VAL_SIM][noi][2][UTT][ MSE = 0.2493 | LCC = 0.8733 | SRCC = 0.8481 ]
INFO:root:
[NISQA_VAL_SIM][col][2][UTT][ MSE = 0.2856 | LCC = 0.8506 | SRCC = 0.8471 ]
INFO:root:
[NISQA_VAL_SIM][dis][2][UTT][ MSE = 0.2644 | LCC = 0.8756 | SRCC = 0.8366 ]
INFO:root:
[NISQA_VAL_SIM][loud][2][UTT][ MSE = 0.2839 | LCC = 0.7911 | SRCC = 0.7875 ]
INFO:root:
[NISQA_VAL_LIVE][mos][2][UTT][ MSE = 0.1593 | LCC = 0.8705 | SRCC = 0.8709 ]
INFO:root:
[NISQA_VAL_LIVE][noi][2][UTT][ MSE = 0.2731 | LCC = 0.7165 | SRCC = 0.6945 ]
INFO:root:
[NISQA_VAL_LIVE][col][2][UTT][ MSE = 0.2456 | LCC = 0.5783 | SRCC = 0.5647 ]
INFO:root:
[NISQA_VAL_LIVE][dis][2][UTT][ MSE = 0.3064 | LCC = 0.6111 | SRCC = 0.6071 ]
INFO:root:
[NISQA_VAL_LIVE][loud][2][UTT][ MSE = 0.2826 | LCC = 0.7314 | SRCC = 0.7234 ]
INFO:root:Average loss=0.20250661671161652
INFO:root:
[NISQA_VAL_SIM][mos][3][UTT][ MSE = 0.2736 | LCC = 0.9195 | SRCC = 0.9192 ]
INFO:root:
[NISQA_VAL_SIM][noi][3][UTT][ MSE = 0.3074 | LCC = 0.8720 | SRCC = 0.8444 ]
INFO:root:
[NISQA_VAL_SIM][col][3][UTT][ MSE = 0.2928 | LCC = 0.8523 | SRCC = 0.8511 ]
INFO:root:
[NISQA_VAL_SIM][dis][3][UTT][ MSE = 0.2693 | LCC = 0.8780 | SRCC = 0.8369 ]
INFO:root:
[NISQA_VAL_SIM][loud][3][UTT][ MSE = 0.3050 | LCC = 0.7936 | SRCC = 0.7921 ]
INFO:root:
[NISQA_VAL_LIVE][mos][3][UTT][ MSE = 0.1786 | LCC = 0.8563 | SRCC = 0.8585 ]
INFO:root:
[NISQA_VAL_LIVE][noi][3][UTT][ MSE = 0.2887 | LCC = 0.7349 | SRCC = 0.7117 ]
INFO:root:
[NISQA_VAL_LIVE][col][3][UTT][ MSE = 0.2060 | LCC = 0.5575 | SRCC = 0.5462 ]
INFO:root:
[NISQA_VAL_LIVE][dis][3][UTT][ MSE = 0.2906 | LCC = 0.6206 | SRCC = 0.6249 ]
INFO:root:
[NISQA_VAL_LIVE][loud][3][UTT][ MSE = 0.2635 | LCC = 0.7206 | SRCC = 0.7120 ]
INFO:root:Average loss=0.19237020611763
INFO:root:
[NISQA_VAL_SIM][mos][4][UTT][ MSE = 0.2357 | LCC = 0.9204 | SRCC = 0.9200 ]
INFO:root:
[NISQA_VAL_SIM][noi][4][UTT][ MSE = 0.2806 | LCC = 0.8779 | SRCC = 0.8538 ]
INFO:root:
[NISQA_VAL_SIM][col][4][UTT][ MSE = 0.2716 | LCC = 0.8535 | SRCC = 0.8511 ]
INFO:root:
[NISQA_VAL_SIM][dis][4][UTT][ MSE = 0.2635 | LCC = 0.8776 | SRCC = 0.8368 ]
INFO:root:
[NISQA_VAL_SIM][loud][4][UTT][ MSE = 0.2772 | LCC = 0.7981 | SRCC = 0.7924 ]
INFO:root:
[NISQA_VAL_LIVE][mos][4][UTT][ MSE = 0.1519 | LCC = 0.8706 | SRCC = 0.8688 ]
INFO:root:
[NISQA_VAL_LIVE][noi][4][UTT][ MSE = 0.3026 | LCC = 0.7352 | SRCC = 0.7165 ]
INFO:root:
[NISQA_VAL_LIVE][col][4][UTT][ MSE = 0.2378 | LCC = 0.5699 | SRCC = 0.5565 ]
INFO:root:
[NISQA_VAL_LIVE][dis][4][UTT][ MSE = 0.2972 | LCC = 0.6324 | SRCC = 0.6340 ]
INFO:root:
[NISQA_VAL_LIVE][loud][4][UTT][ MSE = 0.2863 | LCC = 0.7290 | SRCC = 0.7240 ]
INFO:root:Average loss=0.1836538165807724
INFO:root:
[NISQA_VAL_SIM][mos][5][UTT][ MSE = 0.2410 | LCC = 0.9215 | SRCC = 0.9205 ]
INFO:root:
[NISQA_VAL_SIM][noi][5][UTT][ MSE = 0.2419 | LCC = 0.8765 | SRCC = 0.8488 ]
INFO:root:
[NISQA_VAL_SIM][col][5][UTT][ MSE = 0.2794 | LCC = 0.8541 | SRCC = 0.8534 ]
INFO:root:
[NISQA_VAL_SIM][dis][5][UTT][ MSE = 0.2699 | LCC = 0.8800 | SRCC = 0.8373 ]
INFO:root:
[NISQA_VAL_SIM][loud][5][UTT][ MSE = 0.2787 | LCC = 0.7969 | SRCC = 0.7927 ]
INFO:root:
[NISQA_VAL_LIVE][mos][5][UTT][ MSE = 0.1619 | LCC = 0.8708 | SRCC = 0.8708 ]
INFO:root:
[NISQA_VAL_LIVE][noi][5][UTT][ MSE = 0.2581 | LCC = 0.7460 | SRCC = 0.7255 ]
INFO:root:
[NISQA_VAL_LIVE][col][5][UTT][ MSE = 0.2127 | LCC = 0.5702 | SRCC = 0.5678 ]
INFO:root:
[NISQA_VAL_LIVE][dis][5][UTT][ MSE = 0.2885 | LCC = 0.6408 | SRCC = 0.6378 ]
INFO:root:
[NISQA_VAL_LIVE][loud][5][UTT][ MSE = 0.2791 | LCC = 0.7203 | SRCC = 0.7115 ]
INFO:root:Average loss=0.17452281713485718
INFO:root:
[NISQA_VAL_SIM][mos][6][UTT][ MSE = 0.2571 | LCC = 0.9216 | SRCC = 0.9209 ]
INFO:root:
[NISQA_VAL_SIM][noi][6][UTT][ MSE = 0.2553 | LCC = 0.8752 | SRCC = 0.8492 ]
INFO:root:
[NISQA_VAL_SIM][col][6][UTT][ MSE = 0.2783 | LCC = 0.8556 | SRCC = 0.8546 ]
INFO:root:
[NISQA_VAL_SIM][dis][6][UTT][ MSE = 0.2747 | LCC = 0.8805 | SRCC = 0.8360 ]
INFO:root:
[NISQA_VAL_SIM][loud][6][UTT][ MSE = 0.3147 | LCC = 0.7959 | SRCC = 0.7906 ]
INFO:root:
[NISQA_VAL_LIVE][mos][6][UTT][ MSE = 0.1531 | LCC = 0.8738 | SRCC = 0.8701 ]
INFO:root:
[NISQA_VAL_LIVE][noi][6][UTT][ MSE = 0.2605 | LCC = 0.7433 | SRCC = 0.7152 ]
INFO:root:
[NISQA_VAL_LIVE][col][6][UTT][ MSE = 0.2258 | LCC = 0.5594 | SRCC = 0.5583 ]
INFO:root:
[NISQA_VAL_LIVE][dis][6][UTT][ MSE = 0.3194 | LCC = 0.6377 | SRCC = 0.6409 ]
INFO:root:
[NISQA_VAL_LIVE][loud][6][UTT][ MSE = 0.2453 | LCC = 0.7306 | SRCC = 0.7185 ]
INFO:root:Average loss=0.16840896010398865
INFO:root:
[NISQA_VAL_SIM][mos][7][UTT][ MSE = 0.2518 | LCC = 0.9213 | SRCC = 0.9206 ]
INFO:root:
[NISQA_VAL_SIM][noi][7][UTT][ MSE = 0.2442 | LCC = 0.8765 | SRCC = 0.8481 ]
INFO:root:
[NISQA_VAL_SIM][col][7][UTT][ MSE = 0.2783 | LCC = 0.8551 | SRCC = 0.8537 ]
INFO:root:
[NISQA_VAL_SIM][dis][7][UTT][ MSE = 0.2641 | LCC = 0.8794 | SRCC = 0.8360 ]
INFO:root:
[NISQA_VAL_SIM][loud][7][UTT][ MSE = 0.2903 | LCC = 0.7970 | SRCC = 0.7910 ]
INFO:root:
[NISQA_VAL_LIVE][mos][7][UTT][ MSE = 0.1568 | LCC = 0.8647 | SRCC = 0.8634 ]
INFO:root:
[NISQA_VAL_LIVE][noi][7][UTT][ MSE = 0.2489 | LCC = 0.7541 | SRCC = 0.7283 ]
INFO:root:
[NISQA_VAL_LIVE][col][7][UTT][ MSE = 0.2166 | LCC = 0.5499 | SRCC = 0.5571 ]
INFO:root:
[NISQA_VAL_LIVE][dis][7][UTT][ MSE = 0.3012 | LCC = 0.6225 | SRCC = 0.6399 ]
INFO:root:
[NISQA_VAL_LIVE][loud][7][UTT][ MSE = 0.2409 | LCC = 0.7387 | SRCC = 0.7218 ]
INFO:root:Average loss=0.16151294112205505
INFO:root:
[NISQA_VAL_SIM][mos][8][UTT][ MSE = 0.2331 | LCC = 0.9208 | SRCC = 0.9197 ]
INFO:root:
[NISQA_VAL_SIM][noi][8][UTT][ MSE = 0.2573 | LCC = 0.8772 | SRCC = 0.8524 ]
INFO:root:
[NISQA_VAL_SIM][col][8][UTT][ MSE = 0.2612 | LCC = 0.8558 | SRCC = 0.8528 ]
INFO:root:
[NISQA_VAL_SIM][dis][8][UTT][ MSE = 0.2785 | LCC = 0.8764 | SRCC = 0.8324 ]
INFO:root:
[NISQA_VAL_SIM][loud][8][UTT][ MSE = 0.2681 | LCC = 0.7974 | SRCC = 0.7908 ]
INFO:root:
[NISQA_VAL_LIVE][mos][8][UTT][ MSE = 0.1504 | LCC = 0.8690 | SRCC = 0.8648 ]
INFO:root:
[NISQA_VAL_LIVE][noi][8][UTT][ MSE = 0.2583 | LCC = 0.7421 | SRCC = 0.7154 ]
INFO:root:
[NISQA_VAL_LIVE][col][8][UTT][ MSE = 0.2302 | LCC = 0.5727 | SRCC = 0.5672 ]
INFO:root:
[NISQA_VAL_LIVE][dis][8][UTT][ MSE = 0.3297 | LCC = 0.6172 | SRCC = 0.6298 ]
INFO:root:
[NISQA_VAL_LIVE][loud][8][UTT][ MSE = 0.2476 | LCC = 0.7304 | SRCC = 0.7190 ]
INFO:root:Average loss=0.15494532883167267
INFO:root:
[NISQA_VAL_SIM][mos][9][UTT][ MSE = 0.2532 | LCC = 0.9191 | SRCC = 0.9182 ]
INFO:root:
[NISQA_VAL_SIM][noi][9][UTT][ MSE = 0.2711 | LCC = 0.8747 | SRCC = 0.8474 ]
INFO:root:
[NISQA_VAL_SIM][col][9][UTT][ MSE = 0.2720 | LCC = 0.8523 | SRCC = 0.8502 ]
INFO:root:
[NISQA_VAL_SIM][dis][9][UTT][ MSE = 0.2642 | LCC = 0.8780 | SRCC = 0.8330 ]
INFO:root:
[NISQA_VAL_SIM][loud][9][UTT][ MSE = 0.2831 | LCC = 0.7954 | SRCC = 0.7878 ]
INFO:root:
[NISQA_VAL_LIVE][mos][9][UTT][ MSE = 0.1550 | LCC = 0.8659 | SRCC = 0.8668 ]
INFO:root:
[NISQA_VAL_LIVE][noi][9][UTT][ MSE = 0.2541 | LCC = 0.7592 | SRCC = 0.7399 ]
INFO:root:
[NISQA_VAL_LIVE][col][9][UTT][ MSE = 0.2412 | LCC = 0.5474 | SRCC = 0.5536 ]
INFO:root:
[NISQA_VAL_LIVE][dis][9][UTT][ MSE = 0.2844 | LCC = 0.6301 | SRCC = 0.6417 ]
INFO:root:
[NISQA_VAL_LIVE][loud][9][UTT][ MSE = 0.2588 | LCC = 0.7203 | SRCC = 0.7167 ]
INFO:root:Average loss=0.14923742413520813
INFO:root:
[NISQA_VAL_SIM][mos][10][UTT][ MSE = 0.2226 | LCC = 0.9191 | SRCC = 0.9177 ]
INFO:root:
[NISQA_VAL_SIM][noi][10][UTT][ MSE = 0.2398 | LCC = 0.8756 | SRCC = 0.8483 ]
INFO:root:
[NISQA_VAL_SIM][col][10][UTT][ MSE = 0.2615 | LCC = 0.8526 | SRCC = 0.8500 ]
INFO:root:
[NISQA_VAL_SIM][dis][10][UTT][ MSE = 0.2554 | LCC = 0.8785 | SRCC = 0.8343 ]
INFO:root:
[NISQA_VAL_SIM][loud][10][UTT][ MSE = 0.2897 | LCC = 0.7934 | SRCC = 0.7869 ]
INFO:root:
[NISQA_VAL_LIVE][mos][10][UTT][ MSE = 0.1487 | LCC = 0.8594 | SRCC = 0.8578 ]
INFO:root:
[NISQA_VAL_LIVE][noi][10][UTT][ MSE = 0.2480 | LCC = 0.7597 | SRCC = 0.7362 ]
INFO:root:
[NISQA_VAL_LIVE][col][10][UTT][ MSE = 0.2255 | LCC = 0.5588 | SRCC = 0.5683 ]
INFO:root:
[NISQA_VAL_LIVE][dis][10][UTT][ MSE = 0.3326 | LCC = 0.6219 | SRCC = 0.6251 ]
INFO:root:
[NISQA_VAL_LIVE][loud][10][UTT][ MSE = 0.2348 | LCC = 0.7180 | SRCC = 0.6948 ]
INFO:root:Average loss=0.14549598097801208
INFO:root:
[NISQA_VAL_SIM][mos][11][UTT][ MSE = 0.2449 | LCC = 0.9182 | SRCC = 0.9163 ]
INFO:root:
[NISQA_VAL_SIM][noi][11][UTT][ MSE = 0.2481 | LCC = 0.8740 | SRCC = 0.8451 ]
INFO:root:
[NISQA_VAL_SIM][col][11][UTT][ MSE = 0.2705 | LCC = 0.8529 | SRCC = 0.8494 ]
INFO:root:
[NISQA_VAL_SIM][dis][11][UTT][ MSE = 0.2658 | LCC = 0.8744 | SRCC = 0.8287 ]
INFO:root:
[NISQA_VAL_SIM][loud][11][UTT][ MSE = 0.2602 | LCC = 0.7929 | SRCC = 0.7842 ]
INFO:root:
[NISQA_VAL_LIVE][mos][11][UTT][ MSE = 0.2266 | LCC = 0.8625 | SRCC = 0.8582 ]
INFO:root:
[NISQA_VAL_LIVE][noi][11][UTT][ MSE = 0.2429 | LCC = 0.7523 | SRCC = 0.7314 ]
INFO:root:
[NISQA_VAL_LIVE][col][11][UTT][ MSE = 0.2992 | LCC = 0.5529 | SRCC = 0.5545 ]
INFO:root:
[NISQA_VAL_LIVE][dis][11][UTT][ MSE = 0.2885 | LCC = 0.5973 | SRCC = 0.6259 ]
INFO:root:
[NISQA_VAL_LIVE][loud][11][UTT][ MSE = 0.3143 | LCC = 0.7337 | SRCC = 0.7266 ]
INFO:root:Average loss=0.13899612426757812
INFO:root:
[NISQA_VAL_SIM][mos][12][UTT][ MSE = 0.2231 | LCC = 0.9183 | SRCC = 0.9172 ]
INFO:root:
[NISQA_VAL_SIM][noi][12][UTT][ MSE = 0.2337 | LCC = 0.8752 | SRCC = 0.8467 ]
INFO:root:
[NISQA_VAL_SIM][col][12][UTT][ MSE = 0.2554 | LCC = 0.8525 | SRCC = 0.8502 ]
INFO:root:
[NISQA_VAL_SIM][dis][12][UTT][ MSE = 0.2395 | LCC = 0.8780 | SRCC = 0.8321 ]
INFO:root:
[NISQA_VAL_SIM][loud][12][UTT][ MSE = 0.2842 | LCC = 0.7890 | SRCC = 0.7816 ]
INFO:root:
[NISQA_VAL_LIVE][mos][12][UTT][ MSE = 0.1686 | LCC = 0.8456 | SRCC = 0.8449 ]
INFO:root:
[NISQA_VAL_LIVE][noi][12][UTT][ MSE = 0.2478 | LCC = 0.7450 | SRCC = 0.7247 ]
INFO:root:
[NISQA_VAL_LIVE][col][12][UTT][ MSE = 0.2300 | LCC = 0.5471 | SRCC = 0.5511 ]
INFO:root:
[NISQA_VAL_LIVE][dis][12][UTT][ MSE = 0.2956 | LCC = 0.5907 | SRCC = 0.6082 ]
INFO:root:
[NISQA_VAL_LIVE][loud][12][UTT][ MSE = 0.2614 | LCC = 0.7019 | SRCC = 0.6934 ]
INFO:root:Average loss=0.13487575948238373
INFO:root:
[NISQA_VAL_SIM][mos][13][UTT][ MSE = 0.2226 | LCC = 0.9187 | SRCC = 0.9172 ]
INFO:root:
[NISQA_VAL_SIM][noi][13][UTT][ MSE = 0.2412 | LCC = 0.8746 | SRCC = 0.8472 ]
INFO:root:
[NISQA_VAL_SIM][col][13][UTT][ MSE = 0.2765 | LCC = 0.8514 | SRCC = 0.8481 ]
INFO:root:
[NISQA_VAL_SIM][dis][13][UTT][ MSE = 0.2543 | LCC = 0.8749 | SRCC = 0.8283 ]
INFO:root:
[NISQA_VAL_SIM][loud][13][UTT][ MSE = 0.2666 | LCC = 0.7904 | SRCC = 0.7818 ]
INFO:root:
[NISQA_VAL_LIVE][mos][13][UTT][ MSE = 0.1750 | LCC = 0.8431 | SRCC = 0.8416 ]
INFO:root:
[NISQA_VAL_LIVE][noi][13][UTT][ MSE = 0.2478 | LCC = 0.7435 | SRCC = 0.7180 ]
INFO:root:
[NISQA_VAL_LIVE][col][13][UTT][ MSE = 0.2831 | LCC = 0.5306 | SRCC = 0.5343 ]
INFO:root:
[NISQA_VAL_LIVE][dis][13][UTT][ MSE = 0.3005 | LCC = 0.5943 | SRCC = 0.6136 ]
INFO:root:
[NISQA_VAL_LIVE][loud][13][UTT][ MSE = 0.2711 | LCC = 0.7216 | SRCC = 0.7132 ]
INFO:root:Average loss=0.12934361398220062
INFO:root:
[NISQA_VAL_SIM][mos][14][UTT][ MSE = 0.2395 | LCC = 0.9180 | SRCC = 0.9169 ]
INFO:root:
[NISQA_VAL_SIM][noi][14][UTT][ MSE = 0.2452 | LCC = 0.8733 | SRCC = 0.8452 ]
INFO:root:
[NISQA_VAL_SIM][col][14][UTT][ MSE = 0.2628 | LCC = 0.8497 | SRCC = 0.8474 ]
INFO:root:
[NISQA_VAL_SIM][dis][14][UTT][ MSE = 0.2724 | LCC = 0.8738 | SRCC = 0.8279 ]
INFO:root:
[NISQA_VAL_SIM][loud][14][UTT][ MSE = 0.2782 | LCC = 0.7911 | SRCC = 0.7840 ]
INFO:root:
[NISQA_VAL_LIVE][mos][14][UTT][ MSE = 0.1477 | LCC = 0.8620 | SRCC = 0.8605 ]
INFO:root:
[NISQA_VAL_LIVE][noi][14][UTT][ MSE = 0.2610 | LCC = 0.7427 | SRCC = 0.7176 ]
INFO:root:
[NISQA_VAL_LIVE][col][14][UTT][ MSE = 0.2219 | LCC = 0.5385 | SRCC = 0.5431 ]
INFO:root:
[NISQA_VAL_LIVE][dis][14][UTT][ MSE = 0.3113 | LCC = 0.6034 | SRCC = 0.6239 ]
INFO:root:
[NISQA_VAL_LIVE][loud][14][UTT][ MSE = 0.2358 | LCC = 0.7262 | SRCC = 0.7145 ]
INFO:root:Average loss=0.1256808191537857
INFO:root:
[NISQA_VAL_SIM][mos][15][UTT][ MSE = 0.2327 | LCC = 0.9183 | SRCC = 0.9172 ]
INFO:root:
[NISQA_VAL_SIM][noi][15][UTT][ MSE = 0.2428 | LCC = 0.8731 | SRCC = 0.8446 ]
INFO:root:
[NISQA_VAL_SIM][col][15][UTT][ MSE = 0.2642 | LCC = 0.8478 | SRCC = 0.8457 ]
INFO:root:
[NISQA_VAL_SIM][dis][15][UTT][ MSE = 0.2778 | LCC = 0.8730 | SRCC = 0.8285 ]
INFO:root:
[NISQA_VAL_SIM][loud][15][UTT][ MSE = 0.2639 | LCC = 0.7909 | SRCC = 0.7824 ]
INFO:root:
[NISQA_VAL_LIVE][mos][15][UTT][ MSE = 0.1513 | LCC = 0.8580 | SRCC = 0.8512 ]
INFO:root:
[NISQA_VAL_LIVE][noi][15][UTT][ MSE = 0.2496 | LCC = 0.7396 | SRCC = 0.7095 ]
INFO:root:
[NISQA_VAL_LIVE][col][15][UTT][ MSE = 0.2200 | LCC = 0.5456 | SRCC = 0.5527 ]
INFO:root:
[NISQA_VAL_LIVE][dis][15][UTT][ MSE = 0.3272 | LCC = 0.6069 | SRCC = 0.6145 ]
INFO:root:
[NISQA_VAL_LIVE][loud][15][UTT][ MSE = 0.2540 | LCC = 0.7220 | SRCC = 0.7135 ]
INFO:root:Average loss=0.1235153079032898
INFO:root:
[NISQA_VAL_SIM][mos][16][UTT][ MSE = 0.2465 | LCC = 0.9180 | SRCC = 0.9168 ]
INFO:root:
[NISQA_VAL_SIM][noi][16][UTT][ MSE = 0.2453 | LCC = 0.8736 | SRCC = 0.8448 ]
INFO:root:
[NISQA_VAL_SIM][col][16][UTT][ MSE = 0.2692 | LCC = 0.8487 | SRCC = 0.8473 ]
INFO:root:
[NISQA_VAL_SIM][dis][16][UTT][ MSE = 0.2576 | LCC = 0.8730 | SRCC = 0.8278 ]
INFO:root:
[NISQA_VAL_SIM][loud][16][UTT][ MSE = 0.2831 | LCC = 0.7881 | SRCC = 0.7786 ]
INFO:root:
[NISQA_VAL_LIVE][mos][16][UTT][ MSE = 0.1541 | LCC = 0.8564 | SRCC = 0.8527 ]
INFO:root:
[NISQA_VAL_LIVE][noi][16][UTT][ MSE = 0.2524 | LCC = 0.7417 | SRCC = 0.7119 ]
INFO:root:
[NISQA_VAL_LIVE][col][16][UTT][ MSE = 0.2006 | LCC = 0.5335 | SRCC = 0.5334 ]
INFO:root:
[NISQA_VAL_LIVE][dis][16][UTT][ MSE = 0.3339 | LCC = 0.5941 | SRCC = 0.6054 ]
INFO:root:
[NISQA_VAL_LIVE][loud][16][UTT][ MSE = 0.2534 | LCC = 0.7063 | SRCC = 0.7007 ]
INFO:root:Average loss=0.11936964094638824
INFO:root:
[NISQA_VAL_SIM][mos][17][UTT][ MSE = 0.2202 | LCC = 0.9190 | SRCC = 0.9174 ]
INFO:root:
[NISQA_VAL_SIM][noi][17][UTT][ MSE = 0.2350 | LCC = 0.8721 | SRCC = 0.8419 ]
INFO:root:
[NISQA_VAL_SIM][col][17][UTT][ MSE = 0.2604 | LCC = 0.8535 | SRCC = 0.8499 ]
INFO:root:
[NISQA_VAL_SIM][dis][17][UTT][ MSE = 0.2540 | LCC = 0.8743 | SRCC = 0.8270 ]
INFO:root:
[NISQA_VAL_SIM][loud][17][UTT][ MSE = 0.2597 | LCC = 0.7916 | SRCC = 0.7822 ]
INFO:root:
[NISQA_VAL_LIVE][mos][17][UTT][ MSE = 0.1926 | LCC = 0.8620 | SRCC = 0.8587 ]
INFO:root:
[NISQA_VAL_LIVE][noi][17][UTT][ MSE = 0.2379 | LCC = 0.7552 | SRCC = 0.7289 ]
INFO:root:
[NISQA_VAL_LIVE][col][17][UTT][ MSE = 0.2707 | LCC = 0.5463 | SRCC = 0.5366 ]
INFO:root:
[NISQA_VAL_LIVE][dis][17][UTT][ MSE = 0.2909 | LCC = 0.6137 | SRCC = 0.6300 ]
INFO:root:
[NISQA_VAL_LIVE][loud][17][UTT][ MSE = 0.3247 | LCC = 0.7014 | SRCC = 0.6980 ]
INFO:root:Average loss=0.11593809723854065
INFO:root:
[NISQA_VAL_SIM][mos][18][UTT][ MSE = 0.2244 | LCC = 0.9183 | SRCC = 0.9163 ]
INFO:root:
[NISQA_VAL_SIM][noi][18][UTT][ MSE = 0.2429 | LCC = 0.8717 | SRCC = 0.8422 ]
INFO:root:
[NISQA_VAL_SIM][col][18][UTT][ MSE = 0.2673 | LCC = 0.8507 | SRCC = 0.8469 ]
INFO:root:
[NISQA_VAL_SIM][dis][18][UTT][ MSE = 0.2564 | LCC = 0.8723 | SRCC = 0.8228 ]
INFO:root:
[NISQA_VAL_SIM][loud][18][UTT][ MSE = 0.2631 | LCC = 0.7883 | SRCC = 0.7789 ]
INFO:root:
[NISQA_VAL_LIVE][mos][18][UTT][ MSE = 0.1747 | LCC = 0.8555 | SRCC = 0.8524 ]
INFO:root:
[NISQA_VAL_LIVE][noi][18][UTT][ MSE = 0.2409 | LCC = 0.7480 | SRCC = 0.7188 ]
INFO:root:
[NISQA_VAL_LIVE][col][18][UTT][ MSE = 0.2822 | LCC = 0.5241 | SRCC = 0.5372 ]
INFO:root:
[NISQA_VAL_LIVE][dis][18][UTT][ MSE = 0.2869 | LCC = 0.6012 | SRCC = 0.6038 ]
INFO:root:
[NISQA_VAL_LIVE][loud][18][UTT][ MSE = 0.2934 | LCC = 0.7028 | SRCC = 0.7077 ]
INFO:root:Average loss=0.11128216981887817
INFO:root:
[NISQA_VAL_SIM][mos][19][UTT][ MSE = 0.2397 | LCC = 0.9158 | SRCC = 0.9155 ]
INFO:root:
[NISQA_VAL_SIM][noi][19][UTT][ MSE = 0.2482 | LCC = 0.8720 | SRCC = 0.8452 ]
INFO:root:
[NISQA_VAL_SIM][col][19][UTT][ MSE = 0.2700 | LCC = 0.8467 | SRCC = 0.8456 ]
INFO:root:
[NISQA_VAL_SIM][dis][19][UTT][ MSE = 0.2596 | LCC = 0.8725 | SRCC = 0.8263 ]
INFO:root:
[NISQA_VAL_SIM][loud][19][UTT][ MSE = 0.2772 | LCC = 0.7840 | SRCC = 0.7772 ]
INFO:root:
[NISQA_VAL_LIVE][mos][19][UTT][ MSE = 0.1616 | LCC = 0.8566 | SRCC = 0.8577 ]
INFO:root:
[NISQA_VAL_LIVE][noi][19][UTT][ MSE = 0.2527 | LCC = 0.7307 | SRCC = 0.6965 ]
INFO:root:
[NISQA_VAL_LIVE][col][19][UTT][ MSE = 0.2238 | LCC = 0.5359 | SRCC = 0.5285 ]
INFO:root:
[NISQA_VAL_LIVE][dis][19][UTT][ MSE = 0.2993 | LCC = 0.6127 | SRCC = 0.6140 ]
INFO:root:
[NISQA_VAL_LIVE][loud][19][UTT][ MSE = 0.2968 | LCC = 0.6918 | SRCC = 0.6843 ]
INFO:root:Average loss=0.1091083437204361
INFO:root:
[NISQA_VAL_SIM][mos][20][UTT][ MSE = 0.2451 | LCC = 0.9167 | SRCC = 0.9157 ]
INFO:root:
[NISQA_VAL_SIM][noi][20][UTT][ MSE = 0.2558 | LCC = 0.8697 | SRCC = 0.8400 ]
INFO:root:
[NISQA_VAL_SIM][col][20][UTT][ MSE = 0.2678 | LCC = 0.8467 | SRCC = 0.8439 ]
INFO:root:
[NISQA_VAL_SIM][dis][20][UTT][ MSE = 0.2669 | LCC = 0.8711 | SRCC = 0.8214 ]
INFO:root:
[NISQA_VAL_SIM][loud][20][UTT][ MSE = 0.2837 | LCC = 0.7838 | SRCC = 0.7734 ]
INFO:root:
[NISQA_VAL_LIVE][mos][20][UTT][ MSE = 0.1480 | LCC = 0.8550 | SRCC = 0.8536 ]
INFO:root:
[NISQA_VAL_LIVE][noi][20][UTT][ MSE = 0.2472 | LCC = 0.7377 | SRCC = 0.6974 ]
INFO:root:
[NISQA_VAL_LIVE][col][20][UTT][ MSE = 0.2330 | LCC = 0.5061 | SRCC = 0.5102 ]
INFO:root:
[NISQA_VAL_LIVE][dis][20][UTT][ MSE = 0.3089 | LCC = 0.6073 | SRCC = 0.5993 ]
INFO:root:
[NISQA_VAL_LIVE][loud][20][UTT][ MSE = 0.2449 | LCC = 0.7062 | SRCC = 0.6961 ]
INFO:root:Average loss=0.10646967589855194
INFO:root:
[NISQA_VAL_SIM][mos][21][UTT][ MSE = 0.2234 | LCC = 0.9184 | SRCC = 0.9168 ]
INFO:root:
[NISQA_VAL_SIM][noi][21][UTT][ MSE = 0.2595 | LCC = 0.8722 | SRCC = 0.8447 ]
INFO:root:
[NISQA_VAL_SIM][col][21][UTT][ MSE = 0.2679 | LCC = 0.8489 | SRCC = 0.8450 ]
INFO:root:
[NISQA_VAL_SIM][dis][21][UTT][ MSE = 0.2567 | LCC = 0.8744 | SRCC = 0.8276 ]
INFO:root:
[NISQA_VAL_SIM][loud][21][UTT][ MSE = 0.2639 | LCC = 0.7853 | SRCC = 0.7747 ]
INFO:root:
[NISQA_VAL_LIVE][mos][21][UTT][ MSE = 0.1534 | LCC = 0.8509 | SRCC = 0.8532 ]
INFO:root:
[NISQA_VAL_LIVE][noi][21][UTT][ MSE = 0.2529 | LCC = 0.7405 | SRCC = 0.7077 ]
INFO:root:
[NISQA_VAL_LIVE][col][21][UTT][ MSE = 0.2500 | LCC = 0.5260 | SRCC = 0.5410 ]
INFO:root:
[NISQA_VAL_LIVE][dis][21][UTT][ MSE = 0.3388 | LCC = 0.5935 | SRCC = 0.5949 ]
INFO:root:
[NISQA_VAL_LIVE][loud][21][UTT][ MSE = 0.2812 | LCC = 0.7025 | SRCC = 0.6958 ]
INFO:root:Average loss=0.10328064858913422
INFO:root:
[NISQA_VAL_SIM][mos][22][UTT][ MSE = 0.2239 | LCC = 0.9179 | SRCC = 0.9166 ]
INFO:root:
[NISQA_VAL_SIM][noi][22][UTT][ MSE = 0.2400 | LCC = 0.8704 | SRCC = 0.8401 ]
INFO:root:
[NISQA_VAL_SIM][col][22][UTT][ MSE = 0.2602 | LCC = 0.8493 | SRCC = 0.8474 ]
INFO:root:
[NISQA_VAL_SIM][dis][22][UTT][ MSE = 0.2555 | LCC = 0.8705 | SRCC = 0.8240 ]
INFO:root:
[NISQA_VAL_SIM][loud][22][UTT][ MSE = 0.2802 | LCC = 0.7842 | SRCC = 0.7759 ]
INFO:root:
[NISQA_VAL_LIVE][mos][22][UTT][ MSE = 0.1644 | LCC = 0.8515 | SRCC = 0.8483 ]
INFO:root:
[NISQA_VAL_LIVE][noi][22][UTT][ MSE = 0.2490 | LCC = 0.7430 | SRCC = 0.6987 ]
INFO:root:
[NISQA_VAL_LIVE][col][22][UTT][ MSE = 0.2411 | LCC = 0.5352 | SRCC = 0.5377 ]
INFO:root:
[NISQA_VAL_LIVE][dis][22][UTT][ MSE = 0.3094 | LCC = 0.5998 | SRCC = 0.6000 ]
INFO:root:
[NISQA_VAL_LIVE][loud][22][UTT][ MSE = 0.2544 | LCC = 0.7063 | SRCC = 0.6956 ]
INFO:root:Average loss=0.10128889977931976
INFO:root:
[NISQA_VAL_SIM][mos][23][UTT][ MSE = 0.2231 | LCC = 0.9178 | SRCC = 0.9160 ]
INFO:root:
[NISQA_VAL_SIM][noi][23][UTT][ MSE = 0.2354 | LCC = 0.8709 | SRCC = 0.8404 ]
INFO:root:
[NISQA_VAL_SIM][col][23][UTT][ MSE = 0.2630 | LCC = 0.8483 | SRCC = 0.8448 ]
INFO:root:
[NISQA_VAL_SIM][dis][23][UTT][ MSE = 0.2560 | LCC = 0.8693 | SRCC = 0.8204 ]
INFO:root:
[NISQA_VAL_SIM][loud][23][UTT][ MSE = 0.2689 | LCC = 0.7854 | SRCC = 0.7756 ]
INFO:root:
[NISQA_VAL_LIVE][mos][23][UTT][ MSE = 0.1904 | LCC = 0.8526 | SRCC = 0.8511 ]
INFO:root:
[NISQA_VAL_LIVE][noi][23][UTT][ MSE = 0.2400 | LCC = 0.7411 | SRCC = 0.7025 ]
INFO:root:
[NISQA_VAL_LIVE][col][23][UTT][ MSE = 0.2526 | LCC = 0.5164 | SRCC = 0.5209 ]
INFO:root:
[NISQA_VAL_LIVE][dis][23][UTT][ MSE = 0.2970 | LCC = 0.5835 | SRCC = 0.5874 ]
INFO:root:
[NISQA_VAL_LIVE][loud][23][UTT][ MSE = 0.3054 | LCC = 0.6941 | SRCC = 0.7022 ]
INFO:root:Average loss=0.09838897734880447
INFO:root:
[NISQA_VAL_SIM][mos][24][UTT][ MSE = 0.2338 | LCC = 0.9172 | SRCC = 0.9160 ]
INFO:root:
[NISQA_VAL_SIM][noi][24][UTT][ MSE = 0.2364 | LCC = 0.8703 | SRCC = 0.8387 ]
INFO:root:
[NISQA_VAL_SIM][col][24][UTT][ MSE = 0.2753 | LCC = 0.8458 | SRCC = 0.8426 ]
INFO:root:
[NISQA_VAL_SIM][dis][24][UTT][ MSE = 0.2677 | LCC = 0.8672 | SRCC = 0.8190 ]
INFO:root:
[NISQA_VAL_SIM][loud][24][UTT][ MSE = 0.2692 | LCC = 0.7832 | SRCC = 0.7735 ]
INFO:root:
[NISQA_VAL_LIVE][mos][24][UTT][ MSE = 0.1765 | LCC = 0.8397 | SRCC = 0.8398 ]
INFO:root:
[NISQA_VAL_LIVE][noi][24][UTT][ MSE = 0.2521 | LCC = 0.7310 | SRCC = 0.6972 ]
INFO:root:
[NISQA_VAL_LIVE][col][24][UTT][ MSE = 0.2954 | LCC = 0.4829 | SRCC = 0.4965 ]
INFO:root:
[NISQA_VAL_LIVE][dis][24][UTT][ MSE = 0.3033 | LCC = 0.5714 | SRCC = 0.5789 ]
INFO:root:
[NISQA_VAL_LIVE][loud][24][UTT][ MSE = 0.2529 | LCC = 0.7009 | SRCC = 0.6927 ]
INFO:root:Average loss=0.09771198034286499
INFO:root:
[NISQA_VAL_SIM][mos][25][UTT][ MSE = 0.2198 | LCC = 0.9186 | SRCC = 0.9173 ]
INFO:root:
[NISQA_VAL_SIM][noi][25][UTT][ MSE = 0.2376 | LCC = 0.8692 | SRCC = 0.8357 ]
INFO:root:
[NISQA_VAL_SIM][col][25][UTT][ MSE = 0.2603 | LCC = 0.8505 | SRCC = 0.8471 ]
INFO:root:
[NISQA_VAL_SIM][dis][25][UTT][ MSE = 0.2518 | LCC = 0.8705 | SRCC = 0.8231 ]
INFO:root:
[NISQA_VAL_SIM][loud][25][UTT][ MSE = 0.2689 | LCC = 0.7827 | SRCC = 0.7745 ]
INFO:root:
[NISQA_VAL_LIVE][mos][25][UTT][ MSE = 0.1737 | LCC = 0.8467 | SRCC = 0.8422 ]
INFO:root:
[NISQA_VAL_LIVE][noi][25][UTT][ MSE = 0.2552 | LCC = 0.7219 | SRCC = 0.6868 ]
INFO:root:
[NISQA_VAL_LIVE][col][25][UTT][ MSE = 0.2580 | LCC = 0.5204 | SRCC = 0.5247 ]
INFO:root:
[NISQA_VAL_LIVE][dis][25][UTT][ MSE = 0.2994 | LCC = 0.5859 | SRCC = 0.5992 ]
INFO:root:
[NISQA_VAL_LIVE][loud][25][UTT][ MSE = 0.2816 | LCC = 0.6909 | SRCC = 0.6930 ]
INFO:root:Average loss=0.09491872042417526
INFO:root:
[NISQA_VAL_SIM][mos][26][UTT][ MSE = 0.2298 | LCC = 0.9168 | SRCC = 0.9156 ]
INFO:root:
[NISQA_VAL_SIM][noi][26][UTT][ MSE = 0.2519 | LCC = 0.8684 | SRCC = 0.8402 ]
INFO:root:
[NISQA_VAL_SIM][col][26][UTT][ MSE = 0.2658 | LCC = 0.8457 | SRCC = 0.8421 ]
INFO:root:
[NISQA_VAL_SIM][dis][26][UTT][ MSE = 0.2614 | LCC = 0.8680 | SRCC = 0.8156 ]
INFO:root:
[NISQA_VAL_SIM][loud][26][UTT][ MSE = 0.2765 | LCC = 0.7764 | SRCC = 0.7669 ]
INFO:root:
[NISQA_VAL_LIVE][mos][26][UTT][ MSE = 0.1642 | LCC = 0.8425 | SRCC = 0.8398 ]
INFO:root:
[NISQA_VAL_LIVE][noi][26][UTT][ MSE = 0.2677 | LCC = 0.7134 | SRCC = 0.6848 ]
INFO:root:
[NISQA_VAL_LIVE][col][26][UTT][ MSE = 0.2952 | LCC = 0.4984 | SRCC = 0.5097 ]
INFO:root:
[NISQA_VAL_LIVE][dis][26][UTT][ MSE = 0.3169 | LCC = 0.5528 | SRCC = 0.5470 ]
INFO:root:
[NISQA_VAL_LIVE][loud][26][UTT][ MSE = 0.2889 | LCC = 0.6772 | SRCC = 0.6825 ]
INFO:root:Average loss=0.09360788762569427
INFO:root:
[NISQA_VAL_SIM][mos][27][UTT][ MSE = 0.2410 | LCC = 0.9143 | SRCC = 0.9130 ]
INFO:root:
[NISQA_VAL_SIM][noi][27][UTT][ MSE = 0.2454 | LCC = 0.8670 | SRCC = 0.8341 ]
INFO:root:
[NISQA_VAL_SIM][col][27][UTT][ MSE = 0.2714 | LCC = 0.8433 | SRCC = 0.8396 ]
INFO:root:
[NISQA_VAL_SIM][dis][27][UTT][ MSE = 0.2672 | LCC = 0.8664 | SRCC = 0.8169 ]
INFO:root:
[NISQA_VAL_SIM][loud][27][UTT][ MSE = 0.2826 | LCC = 0.7733 | SRCC = 0.7604 ]
INFO:root:
[NISQA_VAL_LIVE][mos][27][UTT][ MSE = 0.1667 | LCC = 0.8400 | SRCC = 0.8347 ]
INFO:root:
[NISQA_VAL_LIVE][noi][27][UTT][ MSE = 0.2595 | LCC = 0.7169 | SRCC = 0.6885 ]
INFO:root:
[NISQA_VAL_LIVE][col][27][UTT][ MSE = 0.2865 | LCC = 0.4999 | SRCC = 0.5100 ]
INFO:root:
[NISQA_VAL_LIVE][dis][27][UTT][ MSE = 0.3246 | LCC = 0.5531 | SRCC = 0.5731 ]
INFO:root:
[NISQA_VAL_LIVE][loud][27][UTT][ MSE = 0.2738 | LCC = 0.6757 | SRCC = 0.6706 ]
INFO:root:Average loss=0.09219954162836075
INFO:root:
[NISQA_VAL_SIM][mos][28][UTT][ MSE = 0.2459 | LCC = 0.9178 | SRCC = 0.9163 ]
INFO:root:
[NISQA_VAL_SIM][noi][28][UTT][ MSE = 0.2810 | LCC = 0.8669 | SRCC = 0.8358 ]
INFO:root:
[NISQA_VAL_SIM][col][28][UTT][ MSE = 0.2643 | LCC = 0.8463 | SRCC = 0.8434 ]
INFO:root:
[NISQA_VAL_SIM][dis][28][UTT][ MSE = 0.2621 | LCC = 0.8700 | SRCC = 0.8199 ]
INFO:root:
[NISQA_VAL_SIM][loud][28][UTT][ MSE = 0.2768 | LCC = 0.7795 | SRCC = 0.7691 ]
INFO:root:
[NISQA_VAL_LIVE][mos][28][UTT][ MSE = 0.1577 | LCC = 0.8511 | SRCC = 0.8496 ]
INFO:root:
[NISQA_VAL_LIVE][noi][28][UTT][ MSE = 0.2664 | LCC = 0.7286 | SRCC = 0.6939 ]
INFO:root:
[NISQA_VAL_LIVE][col][28][UTT][ MSE = 0.2472 | LCC = 0.5160 | SRCC = 0.5313 ]
INFO:root:
[NISQA_VAL_LIVE][dis][28][UTT][ MSE = 0.3126 | LCC = 0.5739 | SRCC = 0.5916 ]
INFO:root:
[NISQA_VAL_LIVE][loud][28][UTT][ MSE = 0.2797 | LCC = 0.6864 | SRCC = 0.6814 ]
INFO:root:Average loss=0.09088299423456192
INFO:root:
[NISQA_VAL_SIM][mos][29][UTT][ MSE = 0.2243 | LCC = 0.9178 | SRCC = 0.9164 ]
INFO:root:
[NISQA_VAL_SIM][noi][29][UTT][ MSE = 0.2385 | LCC = 0.8690 | SRCC = 0.8379 ]
INFO:root:
[NISQA_VAL_SIM][col][29][UTT][ MSE = 0.2536 | LCC = 0.8506 | SRCC = 0.8477 ]
INFO:root:
[NISQA_VAL_SIM][dis][29][UTT][ MSE = 0.2608 | LCC = 0.8685 | SRCC = 0.8185 ]
INFO:root:
[NISQA_VAL_SIM][loud][29][UTT][ MSE = 0.2820 | LCC = 0.7817 | SRCC = 0.7741 ]
INFO:root:
[NISQA_VAL_LIVE][mos][29][UTT][ MSE = 0.1679 | LCC = 0.8451 | SRCC = 0.8470 ]
INFO:root:
[NISQA_VAL_LIVE][noi][29][UTT][ MSE = 0.2527 | LCC = 0.7302 | SRCC = 0.6967 ]
INFO:root:
[NISQA_VAL_LIVE][col][29][UTT][ MSE = 0.2550 | LCC = 0.5043 | SRCC = 0.5132 ]
INFO:root:
[NISQA_VAL_LIVE][dis][29][UTT][ MSE = 0.3069 | LCC = 0.5632 | SRCC = 0.5630 ]
INFO:root:
[NISQA_VAL_LIVE][loud][29][UTT][ MSE = 0.2606 | LCC = 0.6871 | SRCC = 0.6910 ]
INFO:root:Average loss=0.08815397322177887
INFO:root:
[NISQA_VAL_SIM][mos][30][UTT][ MSE = 0.2378 | LCC = 0.9166 | SRCC = 0.9156 ]
INFO:root:
[NISQA_VAL_SIM][noi][30][UTT][ MSE = 0.2458 | LCC = 0.8682 | SRCC = 0.8364 ]
INFO:root:
[NISQA_VAL_SIM][col][30][UTT][ MSE = 0.2655 | LCC = 0.8446 | SRCC = 0.8419 ]
INFO:root:
[NISQA_VAL_SIM][dis][30][UTT][ MSE = 0.2666 | LCC = 0.8687 | SRCC = 0.8186 ]
INFO:root:
[NISQA_VAL_SIM][loud][30][UTT][ MSE = 0.2764 | LCC = 0.7785 | SRCC = 0.7676 ]
INFO:root:
[NISQA_VAL_LIVE][mos][30][UTT][ MSE = 0.1632 | LCC = 0.8506 | SRCC = 0.8464 ]
INFO:root:
[NISQA_VAL_LIVE][noi][30][UTT][ MSE = 0.2621 | LCC = 0.7137 | SRCC = 0.6836 ]
INFO:root:
[NISQA_VAL_LIVE][col][30][UTT][ MSE = 0.2247 | LCC = 0.4944 | SRCC = 0.5146 ]
INFO:root:
[NISQA_VAL_LIVE][dis][30][UTT][ MSE = 0.3225 | LCC = 0.5504 | SRCC = 0.5559 ]
INFO:root:
[NISQA_VAL_LIVE][loud][30][UTT][ MSE = 0.2688 | LCC = 0.6862 | SRCC = 0.6872 ]
INFO:root:
[NISQA_VAL_SIM][mos][31][UTT][ MSE = 0.2571 | LCC = 0.9216 | SRCC = 0.9209 ]
INFO:root:
[NISQA_VAL_SIM][noi][31][UTT][ MSE = 0.2553 | LCC = 0.8752 | SRCC = 0.8492 ]
INFO:root:
[NISQA_VAL_SIM][col][31][UTT][ MSE = 0.2783 | LCC = 0.8556 | SRCC = 0.8546 ]
INFO:root:
[NISQA_VAL_SIM][dis][31][UTT][ MSE = 0.2747 | LCC = 0.8805 | SRCC = 0.8360 ]
INFO:root:
[NISQA_VAL_SIM][loud][31][UTT][ MSE = 0.3147 | LCC = 0.7959 | SRCC = 0.7906 ]
INFO:root:
[NISQA_VAL_LIVE][mos][31][UTT][ MSE = 0.1531 | LCC = 0.8738 | SRCC = 0.8701 ]
INFO:root:
[NISQA_VAL_LIVE][noi][31][UTT][ MSE = 0.2605 | LCC = 0.7433 | SRCC = 0.7152 ]
INFO:root:
[NISQA_VAL_LIVE][col][31][UTT][ MSE = 0.2258 | LCC = 0.5594 | SRCC = 0.5583 ]
INFO:root:
[NISQA_VAL_LIVE][dis][31][UTT][ MSE = 0.3194 | LCC = 0.6377 | SRCC = 0.6409 ]
INFO:root:
[NISQA_VAL_LIVE][loud][31][UTT][ MSE = 0.2453 | LCC = 0.7306 | SRCC = 0.7185 ]
INFO:root:
[NISQA_TEST_LIVETALK][mos][31][UTT][ MSE = 0.2021 | LCC = 0.9132 | SRCC = 0.9020 ]
INFO:root:
[NISQA_TEST_LIVETALK][noi][31][UTT][ MSE = 0.3881 | LCC = 0.7796 | SRCC = 0.7553 ]
INFO:root:
[NISQA_TEST_LIVETALK][col][31][UTT][ MSE = 0.1562 | LCC = 0.8602 | SRCC = 0.8488 ]
INFO:root:
[NISQA_TEST_LIVETALK][dis][31][UTT][ MSE = 0.3017 | LCC = 0.8373 | SRCC = 0.8258 ]
INFO:root:
[NISQA_TEST_LIVETALK][loud][31][UTT][ MSE = 0.2369 | LCC = 0.8119 | SRCC = 0.8003 ]
INFO:root:
[NISQA_TEST_FOR][mos][31][UTT][ MSE = 0.1497 | LCC = 0.9169 | SRCC = 0.9225 ]
INFO:root:
[NISQA_TEST_FOR][noi][31][UTT][ MSE = 0.1689 | LCC = 0.8821 | SRCC = 0.8756 ]
INFO:root:
[NISQA_TEST_FOR][col][31][UTT][ MSE = 0.1281 | LCC = 0.9139 | SRCC = 0.9114 ]
INFO:root:
[NISQA_TEST_FOR][dis][31][UTT][ MSE = 0.1495 | LCC = 0.9476 | SRCC = 0.9447 ]
INFO:root:
[NISQA_TEST_FOR][loud][31][UTT][ MSE = 0.4270 | LCC = 0.5081 | SRCC = 0.5223 ]
INFO:root:
[NISQA_TEST_P501][mos][31][UTT][ MSE = 0.1852 | LCC = 0.9430 | SRCC = 0.9427 ]
INFO:root:
[NISQA_TEST_P501][noi][31][UTT][ MSE = 0.2245 | LCC = 0.9068 | SRCC = 0.8824 ]
INFO:root:
[NISQA_TEST_P501][col][31][UTT][ MSE = 0.1516 | LCC = 0.8914 | SRCC = 0.8691 ]
INFO:root:
[NISQA_TEST_P501][dis][31][UTT][ MSE = 0.1713 | LCC = 0.9110 | SRCC = 0.9110 ]
INFO:root:
[NISQA_TEST_P501][loud][31][UTT][ MSE = 0.4259 | LCC = 0.6909 | SRCC = 0.6961 ]
