INFO:root:Device=cuda
INFO:root:Average loss=1.348733901977539
INFO:root:
[NISQA_VAL_SIM][mos][0][UTT][ MSE = 0.9696 | LCC = 0.7266 | SRCC = 0.7468 ]
INFO:root:
[NISQA_VAL_SIM][noi][0][UTT][ MSE = 0.6347 | LCC = 0.7884 | SRCC = 0.7370 ]
INFO:root:
[NISQA_VAL_SIM][col][0][UTT][ MSE = 0.8087 | LCC = 0.3605 | SRCC = 0.3168 ]
INFO:root:
[NISQA_VAL_SIM][dis][0][UTT][ MSE = 0.8477 | LCC = 0.5323 | SRCC = 0.5108 ]
INFO:root:
[NISQA_VAL_SIM][loud][0][UTT][ MSE = 0.4420 | LCC = 0.7225 | SRCC = 0.7136 ]
INFO:root:
[NISQA_VAL_LIVE][mos][0][UTT][ MSE = 0.7309 | LCC = 0.6820 | SRCC = 0.6882 ]
INFO:root:
[NISQA_VAL_LIVE][noi][0][UTT][ MSE = 0.4675 | LCC = 0.5343 | SRCC = 0.5461 ]
INFO:root:
[NISQA_VAL_LIVE][col][0][UTT][ MSE = 0.5761 | LCC = 0.0351 | SRCC = 0.0181 ]
INFO:root:
[NISQA_VAL_LIVE][dis][0][UTT][ MSE = 0.4389 | LCC = 0.2871 | SRCC = 0.2762 ]
INFO:root:
[NISQA_VAL_LIVE][loud][0][UTT][ MSE = 0.6166 | LCC = 0.5736 | SRCC = 0.5665 ]
INFO:root:Average loss=0.7596099376678467
INFO:root:
[NISQA_VAL_SIM][mos][1][UTT][ MSE = 0.5907 | LCC = 0.8555 | SRCC = 0.8713 ]
INFO:root:
[NISQA_VAL_SIM][noi][1][UTT][ MSE = 0.4000 | LCC = 0.8282 | SRCC = 0.7996 ]
INFO:root:
[NISQA_VAL_SIM][col][1][UTT][ MSE = 0.5355 | LCC = 0.7611 | SRCC = 0.7670 ]
INFO:root:
[NISQA_VAL_SIM][dis][1][UTT][ MSE = 0.6252 | LCC = 0.8001 | SRCC = 0.7515 ]
INFO:root:
[NISQA_VAL_SIM][loud][1][UTT][ MSE = 0.3541 | LCC = 0.7653 | SRCC = 0.7577 ]
INFO:root:
[NISQA_VAL_LIVE][mos][1][UTT][ MSE = 0.3483 | LCC = 0.8142 | SRCC = 0.8057 ]
INFO:root:
[NISQA_VAL_LIVE][noi][1][UTT][ MSE = 0.3655 | LCC = 0.6299 | SRCC = 0.6261 ]
INFO:root:
[NISQA_VAL_LIVE][col][1][UTT][ MSE = 0.3624 | LCC = 0.2003 | SRCC = 0.1804 ]
INFO:root:
[NISQA_VAL_LIVE][dis][1][UTT][ MSE = 0.3677 | LCC = 0.5580 | SRCC = 0.5454 ]
INFO:root:
[NISQA_VAL_LIVE][loud][1][UTT][ MSE = 0.4122 | LCC = 0.6926 | SRCC = 0.6780 ]
INFO:root:Average loss=0.568271815776825
INFO:root:
[NISQA_VAL_SIM][mos][2][UTT][ MSE = 0.4236 | LCC = 0.8894 | SRCC = 0.8917 ]
INFO:root:
[NISQA_VAL_SIM][noi][2][UTT][ MSE = 0.3370 | LCC = 0.8552 | SRCC = 0.8288 ]
INFO:root:
[NISQA_VAL_SIM][col][2][UTT][ MSE = 0.4042 | LCC = 0.8208 | SRCC = 0.8197 ]
INFO:root:
[NISQA_VAL_SIM][dis][2][UTT][ MSE = 0.4621 | LCC = 0.8455 | SRCC = 0.8058 ]
INFO:root:
[NISQA_VAL_SIM][loud][2][UTT][ MSE = 0.3281 | LCC = 0.7783 | SRCC = 0.7718 ]
INFO:root:
[NISQA_VAL_LIVE][mos][2][UTT][ MSE = 0.2512 | LCC = 0.8516 | SRCC = 0.8467 ]
INFO:root:
[NISQA_VAL_LIVE][noi][2][UTT][ MSE = 0.3554 | LCC = 0.6813 | SRCC = 0.6705 ]
INFO:root:
[NISQA_VAL_LIVE][col][2][UTT][ MSE = 0.2538 | LCC = 0.5210 | SRCC = 0.4944 ]
INFO:root:
[NISQA_VAL_LIVE][dis][2][UTT][ MSE = 0.3240 | LCC = 0.5809 | SRCC = 0.5576 ]
INFO:root:
[NISQA_VAL_LIVE][loud][2][UTT][ MSE = 0.3769 | LCC = 0.7097 | SRCC = 0.6997 ]
INFO:root:Average loss=0.4878004789352417
INFO:root:
[NISQA_VAL_SIM][mos][3][UTT][ MSE = 0.3491 | LCC = 0.9031 | SRCC = 0.9030 ]
INFO:root:
[NISQA_VAL_SIM][noi][3][UTT][ MSE = 0.3082 | LCC = 0.8645 | SRCC = 0.8396 ]
INFO:root:
[NISQA_VAL_SIM][col][3][UTT][ MSE = 0.3498 | LCC = 0.8386 | SRCC = 0.8359 ]
INFO:root:
[NISQA_VAL_SIM][dis][3][UTT][ MSE = 0.3880 | LCC = 0.8535 | SRCC = 0.8186 ]
INFO:root:
[NISQA_VAL_SIM][loud][3][UTT][ MSE = 0.3533 | LCC = 0.7798 | SRCC = 0.7732 ]
INFO:root:
[NISQA_VAL_LIVE][mos][3][UTT][ MSE = 0.2422 | LCC = 0.8529 | SRCC = 0.8496 ]
INFO:root:
[NISQA_VAL_LIVE][noi][3][UTT][ MSE = 0.3230 | LCC = 0.6927 | SRCC = 0.6781 ]
INFO:root:
[NISQA_VAL_LIVE][col][3][UTT][ MSE = 0.2633 | LCC = 0.5539 | SRCC = 0.5148 ]
INFO:root:
[NISQA_VAL_LIVE][dis][3][UTT][ MSE = 0.3089 | LCC = 0.5898 | SRCC = 0.5749 ]
INFO:root:
[NISQA_VAL_LIVE][loud][3][UTT][ MSE = 0.2865 | LCC = 0.7163 | SRCC = 0.7048 ]
INFO:root:Average loss=0.44664266705513
INFO:root:
[NISQA_VAL_SIM][mos][4][UTT][ MSE = 0.2949 | LCC = 0.9057 | SRCC = 0.9053 ]
INFO:root:
[NISQA_VAL_SIM][noi][4][UTT][ MSE = 0.2619 | LCC = 0.8706 | SRCC = 0.8462 ]
INFO:root:
[NISQA_VAL_SIM][col][4][UTT][ MSE = 0.3058 | LCC = 0.8451 | SRCC = 0.8432 ]
INFO:root:
[NISQA_VAL_SIM][dis][4][UTT][ MSE = 0.3748 | LCC = 0.8572 | SRCC = 0.8224 ]
INFO:root:
[NISQA_VAL_SIM][loud][4][UTT][ MSE = 0.3145 | LCC = 0.7856 | SRCC = 0.7793 ]
INFO:root:
[NISQA_VAL_LIVE][mos][4][UTT][ MSE = 0.1806 | LCC = 0.8524 | SRCC = 0.8518 ]
INFO:root:
[NISQA_VAL_LIVE][noi][4][UTT][ MSE = 0.3042 | LCC = 0.6965 | SRCC = 0.6733 ]
INFO:root:
[NISQA_VAL_LIVE][col][4][UTT][ MSE = 0.2385 | LCC = 0.5565 | SRCC = 0.5273 ]
INFO:root:
[NISQA_VAL_LIVE][dis][4][UTT][ MSE = 0.3283 | LCC = 0.6096 | SRCC = 0.6002 ]
INFO:root:
[NISQA_VAL_LIVE][loud][4][UTT][ MSE = 0.2791 | LCC = 0.7213 | SRCC = 0.7088 ]
INFO:root:Average loss=0.4214676320552826
INFO:root:
[NISQA_VAL_SIM][mos][5][UTT][ MSE = 0.2922 | LCC = 0.9136 | SRCC = 0.9127 ]
INFO:root:
[NISQA_VAL_SIM][noi][5][UTT][ MSE = 0.2634 | LCC = 0.8740 | SRCC = 0.8486 ]
INFO:root:
[NISQA_VAL_SIM][col][5][UTT][ MSE = 0.3144 | LCC = 0.8487 | SRCC = 0.8472 ]
INFO:root:
[NISQA_VAL_SIM][dis][5][UTT][ MSE = 0.3456 | LCC = 0.8592 | SRCC = 0.8250 ]
INFO:root:
[NISQA_VAL_SIM][loud][5][UTT][ MSE = 0.3154 | LCC = 0.7910 | SRCC = 0.7851 ]
INFO:root:
[NISQA_VAL_LIVE][mos][5][UTT][ MSE = 0.2322 | LCC = 0.8542 | SRCC = 0.8510 ]
INFO:root:
[NISQA_VAL_LIVE][noi][5][UTT][ MSE = 0.2933 | LCC = 0.7025 | SRCC = 0.6769 ]
INFO:root:
[NISQA_VAL_LIVE][col][5][UTT][ MSE = 0.2335 | LCC = 0.5723 | SRCC = 0.5327 ]
INFO:root:
[NISQA_VAL_LIVE][dis][5][UTT][ MSE = 0.3257 | LCC = 0.6064 | SRCC = 0.5970 ]
INFO:root:
[NISQA_VAL_LIVE][loud][5][UTT][ MSE = 0.3005 | LCC = 0.7291 | SRCC = 0.7192 ]
INFO:root:Average loss=0.39727452397346497
INFO:root:
[NISQA_VAL_SIM][mos][6][UTT][ MSE = 0.2870 | LCC = 0.9161 | SRCC = 0.9146 ]
INFO:root:
[NISQA_VAL_SIM][noi][6][UTT][ MSE = 0.2743 | LCC = 0.8756 | SRCC = 0.8494 ]
INFO:root:
[NISQA_VAL_SIM][col][6][UTT][ MSE = 0.3119 | LCC = 0.8506 | SRCC = 0.8486 ]
INFO:root:
[NISQA_VAL_SIM][dis][6][UTT][ MSE = 0.3265 | LCC = 0.8661 | SRCC = 0.8263 ]
INFO:root:
[NISQA_VAL_SIM][loud][6][UTT][ MSE = 0.3159 | LCC = 0.7938 | SRCC = 0.7867 ]
INFO:root:
[NISQA_VAL_LIVE][mos][6][UTT][ MSE = 0.1991 | LCC = 0.8611 | SRCC = 0.8609 ]
INFO:root:
[NISQA_VAL_LIVE][noi][6][UTT][ MSE = 0.3041 | LCC = 0.7117 | SRCC = 0.6936 ]
INFO:root:
[NISQA_VAL_LIVE][col][6][UTT][ MSE = 0.2672 | LCC = 0.5589 | SRCC = 0.5254 ]
INFO:root:
[NISQA_VAL_LIVE][dis][6][UTT][ MSE = 0.3027 | LCC = 0.6135 | SRCC = 0.6133 ]
INFO:root:
[NISQA_VAL_LIVE][loud][6][UTT][ MSE = 0.2680 | LCC = 0.7302 | SRCC = 0.7197 ]
INFO:root:Average loss=0.3775155246257782
INFO:root:
[NISQA_VAL_SIM][mos][7][UTT][ MSE = 0.2853 | LCC = 0.9192 | SRCC = 0.9181 ]
INFO:root:
[NISQA_VAL_SIM][noi][7][UTT][ MSE = 0.2561 | LCC = 0.8753 | SRCC = 0.8496 ]
INFO:root:
[NISQA_VAL_SIM][col][7][UTT][ MSE = 0.2947 | LCC = 0.8548 | SRCC = 0.8520 ]
INFO:root:
[NISQA_VAL_SIM][dis][7][UTT][ MSE = 0.3134 | LCC = 0.8687 | SRCC = 0.8303 ]
INFO:root:
[NISQA_VAL_SIM][loud][7][UTT][ MSE = 0.2863 | LCC = 0.7960 | SRCC = 0.7899 ]
INFO:root:
[NISQA_VAL_LIVE][mos][7][UTT][ MSE = 0.2534 | LCC = 0.8554 | SRCC = 0.8525 ]
INFO:root:
[NISQA_VAL_LIVE][noi][7][UTT][ MSE = 0.2777 | LCC = 0.7209 | SRCC = 0.6994 ]
INFO:root:
[NISQA_VAL_LIVE][col][7][UTT][ MSE = 0.3074 | LCC = 0.5668 | SRCC = 0.5287 ]
INFO:root:
[NISQA_VAL_LIVE][dis][7][UTT][ MSE = 0.2982 | LCC = 0.6156 | SRCC = 0.6181 ]
INFO:root:
[NISQA_VAL_LIVE][loud][7][UTT][ MSE = 0.3278 | LCC = 0.7354 | SRCC = 0.7340 ]
INFO:root:Average loss=0.3670368492603302
INFO:root:
[NISQA_VAL_SIM][mos][8][UTT][ MSE = 0.2671 | LCC = 0.9204 | SRCC = 0.9187 ]
INFO:root:
[NISQA_VAL_SIM][noi][8][UTT][ MSE = 0.2551 | LCC = 0.8766 | SRCC = 0.8495 ]
INFO:root:
[NISQA_VAL_SIM][col][8][UTT][ MSE = 0.2889 | LCC = 0.8541 | SRCC = 0.8517 ]
INFO:root:
[NISQA_VAL_SIM][dis][8][UTT][ MSE = 0.3023 | LCC = 0.8702 | SRCC = 0.8274 ]
INFO:root:
[NISQA_VAL_SIM][loud][8][UTT][ MSE = 0.3206 | LCC = 0.7950 | SRCC = 0.7882 ]
INFO:root:
[NISQA_VAL_LIVE][mos][8][UTT][ MSE = 0.2341 | LCC = 0.8539 | SRCC = 0.8556 ]
INFO:root:
[NISQA_VAL_LIVE][noi][8][UTT][ MSE = 0.2815 | LCC = 0.7182 | SRCC = 0.7008 ]
INFO:root:
[NISQA_VAL_LIVE][col][8][UTT][ MSE = 0.2739 | LCC = 0.5791 | SRCC = 0.5462 ]
INFO:root:
[NISQA_VAL_LIVE][dis][8][UTT][ MSE = 0.2839 | LCC = 0.6158 | SRCC = 0.6007 ]
INFO:root:
[NISQA_VAL_LIVE][loud][8][UTT][ MSE = 0.2772 | LCC = 0.7248 | SRCC = 0.7220 ]
INFO:root:Average loss=0.35230860114097595
INFO:root:
[NISQA_VAL_SIM][mos][9][UTT][ MSE = 0.2542 | LCC = 0.9217 | SRCC = 0.9198 ]
INFO:root:
[NISQA_VAL_SIM][noi][9][UTT][ MSE = 0.2605 | LCC = 0.8772 | SRCC = 0.8481 ]
INFO:root:
[NISQA_VAL_SIM][col][9][UTT][ MSE = 0.2924 | LCC = 0.8563 | SRCC = 0.8535 ]
INFO:root:
[NISQA_VAL_SIM][dis][9][UTT][ MSE = 0.2930 | LCC = 0.8728 | SRCC = 0.8306 ]
INFO:root:
[NISQA_VAL_SIM][loud][9][UTT][ MSE = 0.3129 | LCC = 0.7945 | SRCC = 0.7864 ]
INFO:root:
[NISQA_VAL_LIVE][mos][9][UTT][ MSE = 0.1973 | LCC = 0.8554 | SRCC = 0.8552 ]
INFO:root:
[NISQA_VAL_LIVE][noi][9][UTT][ MSE = 0.2843 | LCC = 0.7168 | SRCC = 0.6892 ]
INFO:root:
[NISQA_VAL_LIVE][col][9][UTT][ MSE = 0.2906 | LCC = 0.5636 | SRCC = 0.5283 ]
INFO:root:
[NISQA_VAL_LIVE][dis][9][UTT][ MSE = 0.2914 | LCC = 0.6131 | SRCC = 0.6029 ]
INFO:root:
[NISQA_VAL_LIVE][loud][9][UTT][ MSE = 0.2561 | LCC = 0.7393 | SRCC = 0.7346 ]
INFO:root:Average loss=0.342948853969574
INFO:root:
[NISQA_VAL_SIM][mos][10][UTT][ MSE = 0.2827 | LCC = 0.9209 | SRCC = 0.9189 ]
INFO:root:
[NISQA_VAL_SIM][noi][10][UTT][ MSE = 0.2613 | LCC = 0.8765 | SRCC = 0.8476 ]
INFO:root:
[NISQA_VAL_SIM][col][10][UTT][ MSE = 0.2808 | LCC = 0.8549 | SRCC = 0.8515 ]
INFO:root:
[NISQA_VAL_SIM][dis][10][UTT][ MSE = 0.2945 | LCC = 0.8720 | SRCC = 0.8276 ]
INFO:root:
[NISQA_VAL_SIM][loud][10][UTT][ MSE = 0.2896 | LCC = 0.7933 | SRCC = 0.7851 ]
INFO:root:
[NISQA_VAL_LIVE][mos][10][UTT][ MSE = 0.2999 | LCC = 0.8636 | SRCC = 0.8632 ]
INFO:root:
[NISQA_VAL_LIVE][noi][10][UTT][ MSE = 0.2716 | LCC = 0.7300 | SRCC = 0.7041 ]
INFO:root:
[NISQA_VAL_LIVE][col][10][UTT][ MSE = 0.2703 | LCC = 0.5907 | SRCC = 0.5529 ]
INFO:root:
[NISQA_VAL_LIVE][dis][10][UTT][ MSE = 0.2815 | LCC = 0.6247 | SRCC = 0.6242 ]
INFO:root:
[NISQA_VAL_LIVE][loud][10][UTT][ MSE = 0.3457 | LCC = 0.7393 | SRCC = 0.7435 ]
INFO:root:Average loss=0.3311445116996765
INFO:root:
[NISQA_VAL_SIM][mos][11][UTT][ MSE = 0.2491 | LCC = 0.9202 | SRCC = 0.9188 ]
INFO:root:
[NISQA_VAL_SIM][noi][11][UTT][ MSE = 0.2616 | LCC = 0.8762 | SRCC = 0.8473 ]
INFO:root:
[NISQA_VAL_SIM][col][11][UTT][ MSE = 0.2789 | LCC = 0.8543 | SRCC = 0.8516 ]
INFO:root:
[NISQA_VAL_SIM][dis][11][UTT][ MSE = 0.2844 | LCC = 0.8728 | SRCC = 0.8320 ]
INFO:root:
[NISQA_VAL_SIM][loud][11][UTT][ MSE = 0.3191 | LCC = 0.7936 | SRCC = 0.7846 ]
INFO:root:
[NISQA_VAL_LIVE][mos][11][UTT][ MSE = 0.1803 | LCC = 0.8621 | SRCC = 0.8611 ]
INFO:root:
[NISQA_VAL_LIVE][noi][11][UTT][ MSE = 0.2784 | LCC = 0.7382 | SRCC = 0.7167 ]
INFO:root:
[NISQA_VAL_LIVE][col][11][UTT][ MSE = 0.2307 | LCC = 0.5603 | SRCC = 0.5237 ]
INFO:root:
[NISQA_VAL_LIVE][dis][11][UTT][ MSE = 0.3031 | LCC = 0.6289 | SRCC = 0.6299 ]
INFO:root:
[NISQA_VAL_LIVE][loud][11][UTT][ MSE = 0.2624 | LCC = 0.7348 | SRCC = 0.7338 ]
INFO:root:Average loss=0.3233712911605835
INFO:root:
[NISQA_VAL_SIM][mos][12][UTT][ MSE = 0.2522 | LCC = 0.9220 | SRCC = 0.9204 ]
INFO:root:
[NISQA_VAL_SIM][noi][12][UTT][ MSE = 0.2664 | LCC = 0.8764 | SRCC = 0.8465 ]
INFO:root:
[NISQA_VAL_SIM][col][12][UTT][ MSE = 0.2770 | LCC = 0.8550 | SRCC = 0.8521 ]
INFO:root:
[NISQA_VAL_SIM][dis][12][UTT][ MSE = 0.2827 | LCC = 0.8741 | SRCC = 0.8320 ]
INFO:root:
[NISQA_VAL_SIM][loud][12][UTT][ MSE = 0.2783 | LCC = 0.7969 | SRCC = 0.7878 ]
INFO:root:
[NISQA_VAL_LIVE][mos][12][UTT][ MSE = 0.2120 | LCC = 0.8531 | SRCC = 0.8500 ]
INFO:root:
[NISQA_VAL_LIVE][noi][12][UTT][ MSE = 0.2782 | LCC = 0.7245 | SRCC = 0.7019 ]
INFO:root:
[NISQA_VAL_LIVE][col][12][UTT][ MSE = 0.2317 | LCC = 0.5733 | SRCC = 0.5432 ]
INFO:root:
[NISQA_VAL_LIVE][dis][12][UTT][ MSE = 0.2994 | LCC = 0.6210 | SRCC = 0.6174 ]
INFO:root:
[NISQA_VAL_LIVE][loud][12][UTT][ MSE = 0.3171 | LCC = 0.7440 | SRCC = 0.7463 ]
INFO:root:Average loss=0.3094659149646759
INFO:root:
[NISQA_VAL_SIM][mos][13][UTT][ MSE = 0.2427 | LCC = 0.9207 | SRCC = 0.9187 ]
INFO:root:
[NISQA_VAL_SIM][noi][13][UTT][ MSE = 0.2351 | LCC = 0.8769 | SRCC = 0.8469 ]
INFO:root:
[NISQA_VAL_SIM][col][13][UTT][ MSE = 0.2779 | LCC = 0.8533 | SRCC = 0.8499 ]
INFO:root:
[NISQA_VAL_SIM][dis][13][UTT][ MSE = 0.2843 | LCC = 0.8730 | SRCC = 0.8308 ]
INFO:root:
[NISQA_VAL_SIM][loud][13][UTT][ MSE = 0.2835 | LCC = 0.7959 | SRCC = 0.7867 ]
INFO:root:
[NISQA_VAL_LIVE][mos][13][UTT][ MSE = 0.2124 | LCC = 0.8493 | SRCC = 0.8458 ]
INFO:root:
[NISQA_VAL_LIVE][noi][13][UTT][ MSE = 0.2585 | LCC = 0.7376 | SRCC = 0.7167 ]
INFO:root:
[NISQA_VAL_LIVE][col][13][UTT][ MSE = 0.2710 | LCC = 0.5584 | SRCC = 0.5251 ]
INFO:root:
[NISQA_VAL_LIVE][dis][13][UTT][ MSE = 0.2840 | LCC = 0.6106 | SRCC = 0.6152 ]
INFO:root:
[NISQA_VAL_LIVE][loud][13][UTT][ MSE = 0.2702 | LCC = 0.7408 | SRCC = 0.7448 ]
INFO:root:Average loss=0.30150365829467773
INFO:root:
[NISQA_VAL_SIM][mos][14][UTT][ MSE = 0.2638 | LCC = 0.9203 | SRCC = 0.9192 ]
INFO:root:
[NISQA_VAL_SIM][noi][14][UTT][ MSE = 0.2513 | LCC = 0.8763 | SRCC = 0.8472 ]
INFO:root:
[NISQA_VAL_SIM][col][14][UTT][ MSE = 0.3067 | LCC = 0.8503 | SRCC = 0.8480 ]
INFO:root:
[NISQA_VAL_SIM][dis][14][UTT][ MSE = 0.2877 | LCC = 0.8738 | SRCC = 0.8306 ]
INFO:root:
[NISQA_VAL_SIM][loud][14][UTT][ MSE = 0.3180 | LCC = 0.7946 | SRCC = 0.7852 ]
INFO:root:
[NISQA_VAL_LIVE][mos][14][UTT][ MSE = 0.1986 | LCC = 0.8480 | SRCC = 0.8445 ]
INFO:root:
[NISQA_VAL_LIVE][noi][14][UTT][ MSE = 0.2713 | LCC = 0.7308 | SRCC = 0.7053 ]
INFO:root:
[NISQA_VAL_LIVE][col][14][UTT][ MSE = 0.2175 | LCC = 0.5358 | SRCC = 0.5038 ]
INFO:root:
[NISQA_VAL_LIVE][dis][14][UTT][ MSE = 0.2943 | LCC = 0.6084 | SRCC = 0.6178 ]
INFO:root:
[NISQA_VAL_LIVE][loud][14][UTT][ MSE = 0.2463 | LCC = 0.7332 | SRCC = 0.7240 ]
INFO:root:Average loss=0.29355189204216003
INFO:root:
[NISQA_VAL_SIM][mos][15][UTT][ MSE = 0.2542 | LCC = 0.9214 | SRCC = 0.9197 ]
INFO:root:
[NISQA_VAL_SIM][noi][15][UTT][ MSE = 0.2619 | LCC = 0.8757 | SRCC = 0.8455 ]
INFO:root:
[NISQA_VAL_SIM][col][15][UTT][ MSE = 0.2802 | LCC = 0.8524 | SRCC = 0.8492 ]
INFO:root:
[NISQA_VAL_SIM][dis][15][UTT][ MSE = 0.2889 | LCC = 0.8736 | SRCC = 0.8325 ]
INFO:root:
[NISQA_VAL_SIM][loud][15][UTT][ MSE = 0.2969 | LCC = 0.7965 | SRCC = 0.7865 ]
INFO:root:
[NISQA_VAL_LIVE][mos][15][UTT][ MSE = 0.1997 | LCC = 0.8499 | SRCC = 0.8502 ]
INFO:root:
[NISQA_VAL_LIVE][noi][15][UTT][ MSE = 0.2667 | LCC = 0.7282 | SRCC = 0.7063 ]
INFO:root:
[NISQA_VAL_LIVE][col][15][UTT][ MSE = 0.2359 | LCC = 0.5531 | SRCC = 0.5189 ]
INFO:root:
[NISQA_VAL_LIVE][dis][15][UTT][ MSE = 0.3201 | LCC = 0.6328 | SRCC = 0.6334 ]
INFO:root:
[NISQA_VAL_LIVE][loud][15][UTT][ MSE = 0.2661 | LCC = 0.7411 | SRCC = 0.7343 ]
INFO:root:Average loss=0.28510040044784546
INFO:root:
[NISQA_VAL_SIM][mos][16][UTT][ MSE = 0.2619 | LCC = 0.9205 | SRCC = 0.9188 ]
INFO:root:
[NISQA_VAL_SIM][noi][16][UTT][ MSE = 0.2699 | LCC = 0.8752 | SRCC = 0.8445 ]
INFO:root:
[NISQA_VAL_SIM][col][16][UTT][ MSE = 0.2893 | LCC = 0.8520 | SRCC = 0.8493 ]
INFO:root:
[NISQA_VAL_SIM][dis][16][UTT][ MSE = 0.2788 | LCC = 0.8747 | SRCC = 0.8311 ]
INFO:root:
[NISQA_VAL_SIM][loud][16][UTT][ MSE = 0.3186 | LCC = 0.7957 | SRCC = 0.7862 ]
INFO:root:
[NISQA_VAL_LIVE][mos][16][UTT][ MSE = 0.2035 | LCC = 0.8444 | SRCC = 0.8425 ]
INFO:root:
[NISQA_VAL_LIVE][noi][16][UTT][ MSE = 0.2698 | LCC = 0.7310 | SRCC = 0.7090 ]
INFO:root:
[NISQA_VAL_LIVE][col][16][UTT][ MSE = 0.2156 | LCC = 0.5676 | SRCC = 0.5306 ]
INFO:root:
[NISQA_VAL_LIVE][dis][16][UTT][ MSE = 0.2916 | LCC = 0.6214 | SRCC = 0.6222 ]
INFO:root:
[NISQA_VAL_LIVE][loud][16][UTT][ MSE = 0.2506 | LCC = 0.7416 | SRCC = 0.7421 ]
INFO:root:Average loss=0.2777571976184845
INFO:root:
[NISQA_VAL_SIM][mos][17][UTT][ MSE = 0.2367 | LCC = 0.9200 | SRCC = 0.9190 ]
INFO:root:
[NISQA_VAL_SIM][noi][17][UTT][ MSE = 0.2514 | LCC = 0.8754 | SRCC = 0.8470 ]
INFO:root:
[NISQA_VAL_SIM][col][17][UTT][ MSE = 0.2777 | LCC = 0.8506 | SRCC = 0.8483 ]
INFO:root:
[NISQA_VAL_SIM][dis][17][UTT][ MSE = 0.2917 | LCC = 0.8719 | SRCC = 0.8272 ]
INFO:root:
[NISQA_VAL_SIM][loud][17][UTT][ MSE = 0.3127 | LCC = 0.7926 | SRCC = 0.7817 ]
INFO:root:
[NISQA_VAL_LIVE][mos][17][UTT][ MSE = 0.1908 | LCC = 0.8485 | SRCC = 0.8475 ]
INFO:root:
[NISQA_VAL_LIVE][noi][17][UTT][ MSE = 0.2719 | LCC = 0.7226 | SRCC = 0.7020 ]
INFO:root:
[NISQA_VAL_LIVE][col][17][UTT][ MSE = 0.2088 | LCC = 0.5607 | SRCC = 0.5277 ]
INFO:root:
[NISQA_VAL_LIVE][dis][17][UTT][ MSE = 0.3162 | LCC = 0.6278 | SRCC = 0.6214 ]
INFO:root:
[NISQA_VAL_LIVE][loud][17][UTT][ MSE = 0.2577 | LCC = 0.7478 | SRCC = 0.7505 ]
INFO:root:Average loss=0.2719007432460785
INFO:root:
[NISQA_VAL_SIM][mos][18][UTT][ MSE = 0.2327 | LCC = 0.9212 | SRCC = 0.9192 ]
INFO:root:
[NISQA_VAL_SIM][noi][18][UTT][ MSE = 0.2605 | LCC = 0.8757 | SRCC = 0.8476 ]
INFO:root:
[NISQA_VAL_SIM][col][18][UTT][ MSE = 0.2782 | LCC = 0.8525 | SRCC = 0.8485 ]
INFO:root:
[NISQA_VAL_SIM][dis][18][UTT][ MSE = 0.2628 | LCC = 0.8748 | SRCC = 0.8297 ]
INFO:root:
[NISQA_VAL_SIM][loud][18][UTT][ MSE = 0.2824 | LCC = 0.7970 | SRCC = 0.7852 ]
INFO:root:
[NISQA_VAL_LIVE][mos][18][UTT][ MSE = 0.1905 | LCC = 0.8515 | SRCC = 0.8492 ]
INFO:root:
[NISQA_VAL_LIVE][noi][18][UTT][ MSE = 0.2691 | LCC = 0.7355 | SRCC = 0.7107 ]
INFO:root:
[NISQA_VAL_LIVE][col][18][UTT][ MSE = 0.2669 | LCC = 0.5646 | SRCC = 0.5338 ]
INFO:root:
[NISQA_VAL_LIVE][dis][18][UTT][ MSE = 0.2982 | LCC = 0.6210 | SRCC = 0.6282 ]
INFO:root:
[NISQA_VAL_LIVE][loud][18][UTT][ MSE = 0.2684 | LCC = 0.7252 | SRCC = 0.7214 ]
INFO:root:Average loss=0.2669963836669922
INFO:root:
[NISQA_VAL_SIM][mos][19][UTT][ MSE = 0.2416 | LCC = 0.9173 | SRCC = 0.9162 ]
INFO:root:
[NISQA_VAL_SIM][noi][19][UTT][ MSE = 0.2480 | LCC = 0.8755 | SRCC = 0.8466 ]
INFO:root:
[NISQA_VAL_SIM][col][19][UTT][ MSE = 0.2769 | LCC = 0.8503 | SRCC = 0.8474 ]
INFO:root:
[NISQA_VAL_SIM][dis][19][UTT][ MSE = 0.2946 | LCC = 0.8694 | SRCC = 0.8300 ]
INFO:root:
[NISQA_VAL_SIM][loud][19][UTT][ MSE = 0.2857 | LCC = 0.7946 | SRCC = 0.7835 ]
INFO:root:
[NISQA_VAL_LIVE][mos][19][UTT][ MSE = 0.1798 | LCC = 0.8471 | SRCC = 0.8439 ]
INFO:root:
[NISQA_VAL_LIVE][noi][19][UTT][ MSE = 0.2616 | LCC = 0.7320 | SRCC = 0.7073 ]
INFO:root:
[NISQA_VAL_LIVE][col][19][UTT][ MSE = 0.2081 | LCC = 0.5879 | SRCC = 0.5561 ]
INFO:root:
[NISQA_VAL_LIVE][dis][19][UTT][ MSE = 0.4167 | LCC = 0.6309 | SRCC = 0.6321 ]
INFO:root:
[NISQA_VAL_LIVE][loud][19][UTT][ MSE = 0.2905 | LCC = 0.7284 | SRCC = 0.7304 ]
INFO:root:Average loss=0.2593792974948883
INFO:root:
[NISQA_VAL_SIM][mos][20][UTT][ MSE = 0.2495 | LCC = 0.9192 | SRCC = 0.9169 ]
INFO:root:
[NISQA_VAL_SIM][noi][20][UTT][ MSE = 0.2362 | LCC = 0.8760 | SRCC = 0.8476 ]
INFO:root:
[NISQA_VAL_SIM][col][20][UTT][ MSE = 0.2787 | LCC = 0.8503 | SRCC = 0.8466 ]
INFO:root:
[NISQA_VAL_SIM][dis][20][UTT][ MSE = 0.2662 | LCC = 0.8727 | SRCC = 0.8264 ]
INFO:root:
[NISQA_VAL_SIM][loud][20][UTT][ MSE = 0.2758 | LCC = 0.7935 | SRCC = 0.7815 ]
INFO:root:
[NISQA_VAL_LIVE][mos][20][UTT][ MSE = 0.2226 | LCC = 0.8524 | SRCC = 0.8474 ]
INFO:root:
[NISQA_VAL_LIVE][noi][20][UTT][ MSE = 0.2504 | LCC = 0.7368 | SRCC = 0.7144 ]
INFO:root:
[NISQA_VAL_LIVE][col][20][UTT][ MSE = 0.2574 | LCC = 0.5775 | SRCC = 0.5481 ]
INFO:root:
[NISQA_VAL_LIVE][dis][20][UTT][ MSE = 0.2753 | LCC = 0.6312 | SRCC = 0.6350 ]
INFO:root:
[NISQA_VAL_LIVE][loud][20][UTT][ MSE = 0.2963 | LCC = 0.7264 | SRCC = 0.7318 ]
INFO:root:Average loss=0.2538985013961792
INFO:root:
[NISQA_VAL_SIM][mos][21][UTT][ MSE = 0.2355 | LCC = 0.9182 | SRCC = 0.9167 ]
INFO:root:
[NISQA_VAL_SIM][noi][21][UTT][ MSE = 0.2649 | LCC = 0.8735 | SRCC = 0.8445 ]
INFO:root:
[NISQA_VAL_SIM][col][21][UTT][ MSE = 0.2636 | LCC = 0.8514 | SRCC = 0.8478 ]
INFO:root:
[NISQA_VAL_SIM][dis][21][UTT][ MSE = 0.2654 | LCC = 0.8725 | SRCC = 0.8262 ]
INFO:root:
[NISQA_VAL_SIM][loud][21][UTT][ MSE = 0.2958 | LCC = 0.7930 | SRCC = 0.7832 ]
INFO:root:
[NISQA_VAL_LIVE][mos][21][UTT][ MSE = 0.1860 | LCC = 0.8443 | SRCC = 0.8459 ]
INFO:root:
[NISQA_VAL_LIVE][noi][21][UTT][ MSE = 0.2733 | LCC = 0.7329 | SRCC = 0.7088 ]
INFO:root:
[NISQA_VAL_LIVE][col][21][UTT][ MSE = 0.2379 | LCC = 0.5452 | SRCC = 0.5011 ]
INFO:root:
[NISQA_VAL_LIVE][dis][21][UTT][ MSE = 0.2822 | LCC = 0.6281 | SRCC = 0.6304 ]
INFO:root:
[NISQA_VAL_LIVE][loud][21][UTT][ MSE = 0.2659 | LCC = 0.7128 | SRCC = 0.7113 ]
INFO:root:Average loss=0.24830305576324463
INFO:root:
[NISQA_VAL_SIM][mos][22][UTT][ MSE = 0.2503 | LCC = 0.9193 | SRCC = 0.9171 ]
INFO:root:
[NISQA_VAL_SIM][noi][22][UTT][ MSE = 0.2587 | LCC = 0.8739 | SRCC = 0.8443 ]
INFO:root:
[NISQA_VAL_SIM][col][22][UTT][ MSE = 0.2768 | LCC = 0.8495 | SRCC = 0.8454 ]
INFO:root:
[NISQA_VAL_SIM][dis][22][UTT][ MSE = 0.2813 | LCC = 0.8707 | SRCC = 0.8226 ]
INFO:root:
[NISQA_VAL_SIM][loud][22][UTT][ MSE = 0.2798 | LCC = 0.7931 | SRCC = 0.7823 ]
INFO:root:
[NISQA_VAL_LIVE][mos][22][UTT][ MSE = 0.2333 | LCC = 0.8433 | SRCC = 0.8419 ]
INFO:root:
[NISQA_VAL_LIVE][noi][22][UTT][ MSE = 0.2645 | LCC = 0.7318 | SRCC = 0.7142 ]
INFO:root:
[NISQA_VAL_LIVE][col][22][UTT][ MSE = 0.2788 | LCC = 0.5598 | SRCC = 0.5270 ]
INFO:root:
[NISQA_VAL_LIVE][dis][22][UTT][ MSE = 0.2877 | LCC = 0.6012 | SRCC = 0.6220 ]
INFO:root:
[NISQA_VAL_LIVE][loud][22][UTT][ MSE = 0.2934 | LCC = 0.7147 | SRCC = 0.7183 ]
INFO:root:Average loss=0.24201896786689758
INFO:root:
[NISQA_VAL_SIM][mos][23][UTT][ MSE = 0.2355 | LCC = 0.9188 | SRCC = 0.9169 ]
INFO:root:
[NISQA_VAL_SIM][noi][23][UTT][ MSE = 0.2526 | LCC = 0.8723 | SRCC = 0.8411 ]
INFO:root:
[NISQA_VAL_SIM][col][23][UTT][ MSE = 0.2735 | LCC = 0.8493 | SRCC = 0.8458 ]
INFO:root:
[NISQA_VAL_SIM][dis][23][UTT][ MSE = 0.2720 | LCC = 0.8709 | SRCC = 0.8228 ]
INFO:root:
[NISQA_VAL_SIM][loud][23][UTT][ MSE = 0.3198 | LCC = 0.7908 | SRCC = 0.7785 ]
INFO:root:
[NISQA_VAL_LIVE][mos][23][UTT][ MSE = 0.2001 | LCC = 0.8425 | SRCC = 0.8387 ]
INFO:root:
[NISQA_VAL_LIVE][noi][23][UTT][ MSE = 0.2703 | LCC = 0.7158 | SRCC = 0.6920 ]
INFO:root:
[NISQA_VAL_LIVE][col][23][UTT][ MSE = 0.2996 | LCC = 0.5805 | SRCC = 0.5439 ]
INFO:root:
[NISQA_VAL_LIVE][dis][23][UTT][ MSE = 0.2863 | LCC = 0.6054 | SRCC = 0.6092 ]
INFO:root:
[NISQA_VAL_LIVE][loud][23][UTT][ MSE = 0.2545 | LCC = 0.7109 | SRCC = 0.7142 ]
INFO:root:Average loss=0.23864710330963135
INFO:root:
[NISQA_VAL_SIM][mos][24][UTT][ MSE = 0.2554 | LCC = 0.9192 | SRCC = 0.9174 ]
INFO:root:
[NISQA_VAL_SIM][noi][24][UTT][ MSE = 0.2666 | LCC = 0.8736 | SRCC = 0.8443 ]
INFO:root:
[NISQA_VAL_SIM][col][24][UTT][ MSE = 0.2842 | LCC = 0.8477 | SRCC = 0.8447 ]
INFO:root:
[NISQA_VAL_SIM][dis][24][UTT][ MSE = 0.2824 | LCC = 0.8701 | SRCC = 0.8248 ]
INFO:root:
[NISQA_VAL_SIM][loud][24][UTT][ MSE = 0.2991 | LCC = 0.7909 | SRCC = 0.7786 ]
INFO:root:
[NISQA_VAL_LIVE][mos][24][UTT][ MSE = 0.2080 | LCC = 0.8316 | SRCC = 0.8312 ]
INFO:root:
[NISQA_VAL_LIVE][noi][24][UTT][ MSE = 0.2568 | LCC = 0.7431 | SRCC = 0.7219 ]
INFO:root:
[NISQA_VAL_LIVE][col][24][UTT][ MSE = 0.2540 | LCC = 0.5444 | SRCC = 0.5129 ]
INFO:root:
[NISQA_VAL_LIVE][dis][24][UTT][ MSE = 0.2935 | LCC = 0.6087 | SRCC = 0.6184 ]
INFO:root:
[NISQA_VAL_LIVE][loud][24][UTT][ MSE = 0.2706 | LCC = 0.7091 | SRCC = 0.7036 ]
INFO:root:Average loss=0.23359538614749908
INFO:root:
[NISQA_VAL_SIM][mos][25][UTT][ MSE = 0.2370 | LCC = 0.9167 | SRCC = 0.9149 ]
INFO:root:
[NISQA_VAL_SIM][noi][25][UTT][ MSE = 0.2454 | LCC = 0.8741 | SRCC = 0.8463 ]
INFO:root:
[NISQA_VAL_SIM][col][25][UTT][ MSE = 0.2707 | LCC = 0.8485 | SRCC = 0.8450 ]
INFO:root:
[NISQA_VAL_SIM][dis][25][UTT][ MSE = 0.2786 | LCC = 0.8658 | SRCC = 0.8215 ]
INFO:root:
[NISQA_VAL_SIM][loud][25][UTT][ MSE = 0.2899 | LCC = 0.7935 | SRCC = 0.7828 ]
INFO:root:
[NISQA_VAL_LIVE][mos][25][UTT][ MSE = 0.1993 | LCC = 0.8338 | SRCC = 0.8316 ]
INFO:root:
[NISQA_VAL_LIVE][noi][25][UTT][ MSE = 0.2568 | LCC = 0.7334 | SRCC = 0.7157 ]
INFO:root:
[NISQA_VAL_LIVE][col][25][UTT][ MSE = 0.2583 | LCC = 0.5414 | SRCC = 0.5084 ]
INFO:root:
[NISQA_VAL_LIVE][dis][25][UTT][ MSE = 0.2959 | LCC = 0.6174 | SRCC = 0.6263 ]
INFO:root:
[NISQA_VAL_LIVE][loud][25][UTT][ MSE = 0.2761 | LCC = 0.7012 | SRCC = 0.7032 ]
INFO:root:Average loss=0.22875608503818512
INFO:root:
[NISQA_VAL_SIM][mos][26][UTT][ MSE = 0.2426 | LCC = 0.9188 | SRCC = 0.9164 ]
INFO:root:
[NISQA_VAL_SIM][noi][26][UTT][ MSE = 0.2417 | LCC = 0.8733 | SRCC = 0.8434 ]
INFO:root:
[NISQA_VAL_SIM][col][26][UTT][ MSE = 0.2738 | LCC = 0.8484 | SRCC = 0.8446 ]
INFO:root:
[NISQA_VAL_SIM][dis][26][UTT][ MSE = 0.2712 | LCC = 0.8705 | SRCC = 0.8241 ]
INFO:root:
[NISQA_VAL_SIM][loud][26][UTT][ MSE = 0.2833 | LCC = 0.7913 | SRCC = 0.7774 ]
INFO:root:
[NISQA_VAL_LIVE][mos][26][UTT][ MSE = 0.2371 | LCC = 0.8483 | SRCC = 0.8484 ]
INFO:root:
[NISQA_VAL_LIVE][noi][26][UTT][ MSE = 0.2598 | LCC = 0.7314 | SRCC = 0.7108 ]
INFO:root:
[NISQA_VAL_LIVE][col][26][UTT][ MSE = 0.2925 | LCC = 0.5753 | SRCC = 0.5401 ]
INFO:root:
[NISQA_VAL_LIVE][dis][26][UTT][ MSE = 0.2841 | LCC = 0.6233 | SRCC = 0.6304 ]
INFO:root:
[NISQA_VAL_LIVE][loud][26][UTT][ MSE = 0.2633 | LCC = 0.7175 | SRCC = 0.7197 ]
INFO:root:Average loss=0.22546842694282532
INFO:root:
[NISQA_VAL_SIM][mos][27][UTT][ MSE = 0.2395 | LCC = 0.9200 | SRCC = 0.9178 ]
INFO:root:
[NISQA_VAL_SIM][noi][27][UTT][ MSE = 0.2366 | LCC = 0.8737 | SRCC = 0.8441 ]
INFO:root:
[NISQA_VAL_SIM][col][27][UTT][ MSE = 0.2676 | LCC = 0.8499 | SRCC = 0.8457 ]
INFO:root:
[NISQA_VAL_SIM][dis][27][UTT][ MSE = 0.2653 | LCC = 0.8723 | SRCC = 0.8251 ]
INFO:root:
[NISQA_VAL_SIM][loud][27][UTT][ MSE = 0.2757 | LCC = 0.7929 | SRCC = 0.7801 ]
INFO:root:
[NISQA_VAL_LIVE][mos][27][UTT][ MSE = 0.2385 | LCC = 0.8435 | SRCC = 0.8409 ]
INFO:root:
[NISQA_VAL_LIVE][noi][27][UTT][ MSE = 0.2501 | LCC = 0.7333 | SRCC = 0.7197 ]
INFO:root:
[NISQA_VAL_LIVE][col][27][UTT][ MSE = 0.2674 | LCC = 0.5513 | SRCC = 0.5276 ]
INFO:root:
[NISQA_VAL_LIVE][dis][27][UTT][ MSE = 0.2798 | LCC = 0.6148 | SRCC = 0.6231 ]
INFO:root:
[NISQA_VAL_LIVE][loud][27][UTT][ MSE = 0.2622 | LCC = 0.7263 | SRCC = 0.7304 ]
INFO:root:Average loss=0.2208530157804489
INFO:root:
[NISQA_VAL_SIM][mos][28][UTT][ MSE = 0.2445 | LCC = 0.9172 | SRCC = 0.9151 ]
INFO:root:
[NISQA_VAL_SIM][noi][28][UTT][ MSE = 0.2514 | LCC = 0.8713 | SRCC = 0.8408 ]
INFO:root:
[NISQA_VAL_SIM][col][28][UTT][ MSE = 0.2926 | LCC = 0.8444 | SRCC = 0.8419 ]
INFO:root:
[NISQA_VAL_SIM][dis][28][UTT][ MSE = 0.2704 | LCC = 0.8709 | SRCC = 0.8227 ]
INFO:root:
[NISQA_VAL_SIM][loud][28][UTT][ MSE = 0.3205 | LCC = 0.7864 | SRCC = 0.7735 ]
INFO:root:
[NISQA_VAL_LIVE][mos][28][UTT][ MSE = 0.1952 | LCC = 0.8444 | SRCC = 0.8376 ]
INFO:root:
[NISQA_VAL_LIVE][noi][28][UTT][ MSE = 0.2551 | LCC = 0.7383 | SRCC = 0.7210 ]
INFO:root:
[NISQA_VAL_LIVE][col][28][UTT][ MSE = 0.2241 | LCC = 0.5560 | SRCC = 0.5302 ]
INFO:root:
[NISQA_VAL_LIVE][dis][28][UTT][ MSE = 0.2739 | LCC = 0.6271 | SRCC = 0.6266 ]
INFO:root:
[NISQA_VAL_LIVE][loud][28][UTT][ MSE = 0.2700 | LCC = 0.7045 | SRCC = 0.7043 ]
INFO:root:Average loss=0.21579881012439728
INFO:root:
[NISQA_VAL_SIM][mos][29][UTT][ MSE = 0.2362 | LCC = 0.9174 | SRCC = 0.9155 ]
INFO:root:
[NISQA_VAL_SIM][noi][29][UTT][ MSE = 0.2575 | LCC = 0.8697 | SRCC = 0.8398 ]
INFO:root:
[NISQA_VAL_SIM][col][29][UTT][ MSE = 0.2813 | LCC = 0.8495 | SRCC = 0.8456 ]
INFO:root:
[NISQA_VAL_SIM][dis][29][UTT][ MSE = 0.2656 | LCC = 0.8692 | SRCC = 0.8205 ]
INFO:root:
[NISQA_VAL_SIM][loud][29][UTT][ MSE = 0.2774 | LCC = 0.7921 | SRCC = 0.7790 ]
INFO:root:
[NISQA_VAL_LIVE][mos][29][UTT][ MSE = 0.2157 | LCC = 0.8433 | SRCC = 0.8427 ]
INFO:root:
[NISQA_VAL_LIVE][noi][29][UTT][ MSE = 0.2718 | LCC = 0.7212 | SRCC = 0.7000 ]
INFO:root:
[NISQA_VAL_LIVE][col][29][UTT][ MSE = 0.3197 | LCC = 0.5533 | SRCC = 0.5148 ]
INFO:root:
[NISQA_VAL_LIVE][dis][29][UTT][ MSE = 0.2789 | LCC = 0.6203 | SRCC = 0.6241 ]
INFO:root:
[NISQA_VAL_LIVE][loud][29][UTT][ MSE = 0.2769 | LCC = 0.7223 | SRCC = 0.7213 ]
INFO:root:Average loss=0.21316464245319366
INFO:root:
[NISQA_VAL_SIM][mos][30][UTT][ MSE = 0.2474 | LCC = 0.9165 | SRCC = 0.9143 ]
INFO:root:
[NISQA_VAL_SIM][noi][30][UTT][ MSE = 0.2918 | LCC = 0.8672 | SRCC = 0.8351 ]
INFO:root:
[NISQA_VAL_SIM][col][30][UTT][ MSE = 0.2764 | LCC = 0.8448 | SRCC = 0.8417 ]
INFO:root:
[NISQA_VAL_SIM][dis][30][UTT][ MSE = 0.2734 | LCC = 0.8680 | SRCC = 0.8196 ]
INFO:root:
[NISQA_VAL_SIM][loud][30][UTT][ MSE = 0.3096 | LCC = 0.7884 | SRCC = 0.7761 ]
INFO:root:
[NISQA_VAL_LIVE][mos][30][UTT][ MSE = 0.1880 | LCC = 0.8363 | SRCC = 0.8377 ]
INFO:root:
[NISQA_VAL_LIVE][noi][30][UTT][ MSE = 0.2771 | LCC = 0.7298 | SRCC = 0.7134 ]
INFO:root:
[NISQA_VAL_LIVE][col][30][UTT][ MSE = 0.2470 | LCC = 0.5463 | SRCC = 0.5137 ]
INFO:root:
[NISQA_VAL_LIVE][dis][30][UTT][ MSE = 0.2849 | LCC = 0.6158 | SRCC = 0.6182 ]
INFO:root:
[NISQA_VAL_LIVE][loud][30][UTT][ MSE = 0.2492 | LCC = 0.7162 | SRCC = 0.7138 ]
INFO:root:
[NISQA_VAL_SIM][mos][31][UTT][ MSE = 0.2522 | LCC = 0.9220 | SRCC = 0.9204 ]
INFO:root:
[NISQA_VAL_SIM][noi][31][UTT][ MSE = 0.2664 | LCC = 0.8764 | SRCC = 0.8465 ]
INFO:root:
[NISQA_VAL_SIM][col][31][UTT][ MSE = 0.2770 | LCC = 0.8550 | SRCC = 0.8521 ]
INFO:root:
[NISQA_VAL_SIM][dis][31][UTT][ MSE = 0.2827 | LCC = 0.8741 | SRCC = 0.8320 ]
INFO:root:
[NISQA_VAL_SIM][loud][31][UTT][ MSE = 0.2783 | LCC = 0.7969 | SRCC = 0.7878 ]
INFO:root:
[NISQA_VAL_LIVE][mos][31][UTT][ MSE = 0.2120 | LCC = 0.8531 | SRCC = 0.8500 ]
INFO:root:
[NISQA_VAL_LIVE][noi][31][UTT][ MSE = 0.2782 | LCC = 0.7245 | SRCC = 0.7019 ]
INFO:root:
[NISQA_VAL_LIVE][col][31][UTT][ MSE = 0.2317 | LCC = 0.5733 | SRCC = 0.5432 ]
INFO:root:
[NISQA_VAL_LIVE][dis][31][UTT][ MSE = 0.2994 | LCC = 0.6210 | SRCC = 0.6174 ]
INFO:root:
[NISQA_VAL_LIVE][loud][31][UTT][ MSE = 0.3171 | LCC = 0.7440 | SRCC = 0.7463 ]
INFO:root:
[NISQA_TEST_LIVETALK][mos][31][UTT][ MSE = 0.2265 | LCC = 0.9069 | SRCC = 0.8964 ]
INFO:root:
[NISQA_TEST_LIVETALK][noi][31][UTT][ MSE = 0.3140 | LCC = 0.7735 | SRCC = 0.7334 ]
INFO:root:
[NISQA_TEST_LIVETALK][col][31][UTT][ MSE = 0.1614 | LCC = 0.8582 | SRCC = 0.8508 ]
INFO:root:
[NISQA_TEST_LIVETALK][dis][31][UTT][ MSE = 0.2882 | LCC = 0.8520 | SRCC = 0.8234 ]
INFO:root:
[NISQA_TEST_LIVETALK][loud][31][UTT][ MSE = 0.1879 | LCC = 0.7994 | SRCC = 0.7812 ]
INFO:root:
[NISQA_TEST_FOR][mos][31][UTT][ MSE = 0.2023 | LCC = 0.9116 | SRCC = 0.9131 ]
INFO:root:
[NISQA_TEST_FOR][noi][31][UTT][ MSE = 0.1975 | LCC = 0.8612 | SRCC = 0.8506 ]
INFO:root:
[NISQA_TEST_FOR][col][31][UTT][ MSE = 0.1214 | LCC = 0.9169 | SRCC = 0.9097 ]
INFO:root:
[NISQA_TEST_FOR][dis][31][UTT][ MSE = 0.1945 | LCC = 0.9352 | SRCC = 0.9335 ]
INFO:root:
[NISQA_TEST_FOR][loud][31][UTT][ MSE = 0.4449 | LCC = 0.4972 | SRCC = 0.5231 ]
INFO:root:
[NISQA_TEST_P501][mos][31][UTT][ MSE = 0.2961 | LCC = 0.9268 | SRCC = 0.9325 ]
INFO:root:
[NISQA_TEST_P501][noi][31][UTT][ MSE = 0.2777 | LCC = 0.8922 | SRCC = 0.8460 ]
INFO:root:
[NISQA_TEST_P501][col][31][UTT][ MSE = 0.1864 | LCC = 0.8662 | SRCC = 0.8532 ]
INFO:root:
[NISQA_TEST_P501][dis][31][UTT][ MSE = 0.2102 | LCC = 0.9010 | SRCC = 0.8999 ]
INFO:root:
[NISQA_TEST_P501][loud][31][UTT][ MSE = 0.4433 | LCC = 0.6893 | SRCC = 0.7002 ]
