INFO:root:Device=cuda
INFO:root:Average loss=2.486178398132324
INFO:root:
[NISQA_VAL_SIM][mos][0][UTT][ MSE = 1.0530 | LCC = 0.8385 | SRCC = 0.8362 ]
INFO:root:
[NISQA_VAL_SIM][noi][0][UTT][ MSE = 0.9427 | LCC = 0.2197 | SRCC = 0.1400 ]
INFO:root:
[NISQA_VAL_SIM][col][0][UTT][ MSE = 0.7187 | LCC = 0.4576 | SRCC = 0.4981 ]
INFO:root:
[NISQA_VAL_SIM][dis][0][UTT][ MSE = 0.5364 | LCC = 0.8166 | SRCC = 0.7618 ]
INFO:root:
[NISQA_VAL_SIM][loud][0][UTT][ MSE = 0.4812 | LCC = 0.6756 | SRCC = 0.6893 ]
INFO:root:
[NISQA_VAL_LIVE][mos][0][UTT][ MSE = 0.5049 | LCC = 0.8038 | SRCC = 0.7994 ]
INFO:root:
[NISQA_VAL_LIVE][noi][0][UTT][ MSE = 1.0111 | LCC = 0.1733 | SRCC = 0.1695 ]
INFO:root:
[NISQA_VAL_LIVE][col][0][UTT][ MSE = 0.6915 | LCC = 0.3274 | SRCC = 0.3446 ]
INFO:root:
[NISQA_VAL_LIVE][dis][0][UTT][ MSE = 0.3630 | LCC = 0.6032 | SRCC = 0.5905 ]
INFO:root:
[NISQA_VAL_LIVE][loud][0][UTT][ MSE = 1.0257 | LCC = 0.6568 | SRCC = 0.6493 ]
INFO:root:Average loss=1.0444433689117432
INFO:root:
[NISQA_VAL_SIM][mos][1][UTT][ MSE = 0.6732 | LCC = 0.8818 | SRCC = 0.8839 ]
INFO:root:
[NISQA_VAL_SIM][noi][1][UTT][ MSE = 0.5491 | LCC = 0.8060 | SRCC = 0.7873 ]
INFO:root:
[NISQA_VAL_SIM][col][1][UTT][ MSE = 0.4481 | LCC = 0.7798 | SRCC = 0.7805 ]
INFO:root:
[NISQA_VAL_SIM][dis][1][UTT][ MSE = 0.4042 | LCC = 0.8383 | SRCC = 0.7970 ]
INFO:root:
[NISQA_VAL_SIM][loud][1][UTT][ MSE = 0.4172 | LCC = 0.7663 | SRCC = 0.7678 ]
INFO:root:
[NISQA_VAL_LIVE][mos][1][UTT][ MSE = 0.3753 | LCC = 0.7792 | SRCC = 0.7889 ]
INFO:root:
[NISQA_VAL_LIVE][noi][1][UTT][ MSE = 0.4486 | LCC = 0.5960 | SRCC = 0.5863 ]
INFO:root:
[NISQA_VAL_LIVE][col][1][UTT][ MSE = 0.2747 | LCC = 0.4568 | SRCC = 0.4544 ]
INFO:root:
[NISQA_VAL_LIVE][dis][1][UTT][ MSE = 0.3404 | LCC = 0.6075 | SRCC = 0.6043 ]
INFO:root:
[NISQA_VAL_LIVE][loud][1][UTT][ MSE = 0.6074 | LCC = 0.6516 | SRCC = 0.6223 ]
INFO:root:Average loss=0.6947788596153259
INFO:root:
[NISQA_VAL_SIM][mos][2][UTT][ MSE = 0.3517 | LCC = 0.9050 | SRCC = 0.9056 ]
INFO:root:
[NISQA_VAL_SIM][noi][2][UTT][ MSE = 0.3546 | LCC = 0.8516 | SRCC = 0.8323 ]
INFO:root:
[NISQA_VAL_SIM][col][2][UTT][ MSE = 0.3598 | LCC = 0.8358 | SRCC = 0.8312 ]
INFO:root:
[NISQA_VAL_SIM][dis][2][UTT][ MSE = 0.3492 | LCC = 0.8602 | SRCC = 0.8219 ]
INFO:root:
[NISQA_VAL_SIM][loud][2][UTT][ MSE = 0.3298 | LCC = 0.7841 | SRCC = 0.7796 ]
INFO:root:
[NISQA_VAL_LIVE][mos][2][UTT][ MSE = 0.2367 | LCC = 0.8104 | SRCC = 0.8395 ]
INFO:root:
[NISQA_VAL_LIVE][noi][2][UTT][ MSE = 0.3316 | LCC = 0.6845 | SRCC = 0.6679 ]
INFO:root:
[NISQA_VAL_LIVE][col][2][UTT][ MSE = 0.3283 | LCC = 0.5297 | SRCC = 0.5112 ]
INFO:root:
[NISQA_VAL_LIVE][dis][2][UTT][ MSE = 0.3140 | LCC = 0.6055 | SRCC = 0.6085 ]
INFO:root:
[NISQA_VAL_LIVE][loud][2][UTT][ MSE = 0.4823 | LCC = 0.6731 | SRCC = 0.6848 ]
INFO:root:Average loss=0.5522000789642334
INFO:root:
[NISQA_VAL_SIM][mos][3][UTT][ MSE = 0.3026 | LCC = 0.9150 | SRCC = 0.9145 ]
INFO:root:
[NISQA_VAL_SIM][noi][3][UTT][ MSE = 0.2964 | LCC = 0.8647 | SRCC = 0.8469 ]
INFO:root:
[NISQA_VAL_SIM][col][3][UTT][ MSE = 0.3138 | LCC = 0.8483 | SRCC = 0.8445 ]
INFO:root:
[NISQA_VAL_SIM][dis][3][UTT][ MSE = 0.3059 | LCC = 0.8680 | SRCC = 0.8305 ]
INFO:root:
[NISQA_VAL_SIM][loud][3][UTT][ MSE = 0.3111 | LCC = 0.7874 | SRCC = 0.7832 ]
INFO:root:
[NISQA_VAL_LIVE][mos][3][UTT][ MSE = 0.2035 | LCC = 0.8556 | SRCC = 0.8669 ]
INFO:root:
[NISQA_VAL_LIVE][noi][3][UTT][ MSE = 0.3179 | LCC = 0.6760 | SRCC = 0.6550 ]
INFO:root:
[NISQA_VAL_LIVE][col][3][UTT][ MSE = 0.3140 | LCC = 0.5690 | SRCC = 0.5633 ]
INFO:root:
[NISQA_VAL_LIVE][dis][3][UTT][ MSE = 0.2974 | LCC = 0.6291 | SRCC = 0.6361 ]
INFO:root:
[NISQA_VAL_LIVE][loud][3][UTT][ MSE = 0.4473 | LCC = 0.6966 | SRCC = 0.7021 ]
INFO:root:Average loss=0.4754740595817566
INFO:root:
[NISQA_VAL_SIM][mos][4][UTT][ MSE = 0.2884 | LCC = 0.9191 | SRCC = 0.9185 ]
INFO:root:
[NISQA_VAL_SIM][noi][4][UTT][ MSE = 0.2835 | LCC = 0.8717 | SRCC = 0.8530 ]
INFO:root:
[NISQA_VAL_SIM][col][4][UTT][ MSE = 0.2982 | LCC = 0.8551 | SRCC = 0.8520 ]
INFO:root:
[NISQA_VAL_SIM][dis][4][UTT][ MSE = 0.3033 | LCC = 0.8719 | SRCC = 0.8333 ]
INFO:root:
[NISQA_VAL_SIM][loud][4][UTT][ MSE = 0.3008 | LCC = 0.7914 | SRCC = 0.7866 ]
INFO:root:
[NISQA_VAL_LIVE][mos][4][UTT][ MSE = 0.2024 | LCC = 0.8530 | SRCC = 0.8600 ]
INFO:root:
[NISQA_VAL_LIVE][noi][4][UTT][ MSE = 0.3078 | LCC = 0.6928 | SRCC = 0.6746 ]
INFO:root:
[NISQA_VAL_LIVE][col][4][UTT][ MSE = 0.2706 | LCC = 0.5572 | SRCC = 0.5428 ]
INFO:root:
[NISQA_VAL_LIVE][dis][4][UTT][ MSE = 0.2932 | LCC = 0.6289 | SRCC = 0.6383 ]
INFO:root:
[NISQA_VAL_LIVE][loud][4][UTT][ MSE = 0.3724 | LCC = 0.7123 | SRCC = 0.7128 ]
INFO:root:Average loss=0.4338819086551666
INFO:root:
[NISQA_VAL_SIM][mos][5][UTT][ MSE = 0.2704 | LCC = 0.9207 | SRCC = 0.9199 ]
INFO:root:
[NISQA_VAL_SIM][noi][5][UTT][ MSE = 0.2596 | LCC = 0.8779 | SRCC = 0.8559 ]
INFO:root:
[NISQA_VAL_SIM][col][5][UTT][ MSE = 0.2882 | LCC = 0.8573 | SRCC = 0.8539 ]
INFO:root:
[NISQA_VAL_SIM][dis][5][UTT][ MSE = 0.2964 | LCC = 0.8738 | SRCC = 0.8360 ]
INFO:root:
[NISQA_VAL_SIM][loud][5][UTT][ MSE = 0.2970 | LCC = 0.7950 | SRCC = 0.7897 ]
INFO:root:
[NISQA_VAL_LIVE][mos][5][UTT][ MSE = 0.1867 | LCC = 0.8661 | SRCC = 0.8717 ]
INFO:root:
[NISQA_VAL_LIVE][noi][5][UTT][ MSE = 0.2931 | LCC = 0.7052 | SRCC = 0.6826 ]
INFO:root:
[NISQA_VAL_LIVE][col][5][UTT][ MSE = 0.2524 | LCC = 0.5744 | SRCC = 0.5554 ]
INFO:root:
[NISQA_VAL_LIVE][dis][5][UTT][ MSE = 0.2978 | LCC = 0.6280 | SRCC = 0.6358 ]
INFO:root:
[NISQA_VAL_LIVE][loud][5][UTT][ MSE = 0.3767 | LCC = 0.7201 | SRCC = 0.7222 ]
INFO:root:Average loss=0.4029253423213959
INFO:root:
[NISQA_VAL_SIM][mos][6][UTT][ MSE = 0.2512 | LCC = 0.9219 | SRCC = 0.9208 ]
INFO:root:
[NISQA_VAL_SIM][noi][6][UTT][ MSE = 0.2531 | LCC = 0.8794 | SRCC = 0.8574 ]
INFO:root:
[NISQA_VAL_SIM][col][6][UTT][ MSE = 0.2808 | LCC = 0.8587 | SRCC = 0.8558 ]
INFO:root:
[NISQA_VAL_SIM][dis][6][UTT][ MSE = 0.2762 | LCC = 0.8763 | SRCC = 0.8373 ]
INFO:root:
[NISQA_VAL_SIM][loud][6][UTT][ MSE = 0.2822 | LCC = 0.7964 | SRCC = 0.7917 ]
INFO:root:
[NISQA_VAL_LIVE][mos][6][UTT][ MSE = 0.1811 | LCC = 0.8701 | SRCC = 0.8710 ]
INFO:root:
[NISQA_VAL_LIVE][noi][6][UTT][ MSE = 0.2956 | LCC = 0.7136 | SRCC = 0.6927 ]
INFO:root:
[NISQA_VAL_LIVE][col][6][UTT][ MSE = 0.2300 | LCC = 0.5751 | SRCC = 0.5561 ]
INFO:root:
[NISQA_VAL_LIVE][dis][6][UTT][ MSE = 0.2845 | LCC = 0.6287 | SRCC = 0.6371 ]
INFO:root:
[NISQA_VAL_LIVE][loud][6][UTT][ MSE = 0.3106 | LCC = 0.7233 | SRCC = 0.7184 ]
INFO:root:Average loss=0.38830137252807617
INFO:root:
[NISQA_VAL_SIM][mos][7][UTT][ MSE = 0.3043 | LCC = 0.9223 | SRCC = 0.9208 ]
INFO:root:
[NISQA_VAL_SIM][noi][7][UTT][ MSE = 0.2587 | LCC = 0.8821 | SRCC = 0.8597 ]
INFO:root:
[NISQA_VAL_SIM][col][7][UTT][ MSE = 0.2960 | LCC = 0.8568 | SRCC = 0.8553 ]
INFO:root:
[NISQA_VAL_SIM][dis][7][UTT][ MSE = 0.3037 | LCC = 0.8758 | SRCC = 0.8356 ]
INFO:root:
[NISQA_VAL_SIM][loud][7][UTT][ MSE = 0.3157 | LCC = 0.7977 | SRCC = 0.7910 ]
INFO:root:
[NISQA_VAL_LIVE][mos][7][UTT][ MSE = 0.1837 | LCC = 0.8651 | SRCC = 0.8663 ]
INFO:root:
[NISQA_VAL_LIVE][noi][7][UTT][ MSE = 0.2881 | LCC = 0.7260 | SRCC = 0.7051 ]
INFO:root:
[NISQA_VAL_LIVE][col][7][UTT][ MSE = 0.2083 | LCC = 0.5734 | SRCC = 0.5464 ]
INFO:root:
[NISQA_VAL_LIVE][dis][7][UTT][ MSE = 0.2946 | LCC = 0.6222 | SRCC = 0.6338 ]
INFO:root:
[NISQA_VAL_LIVE][loud][7][UTT][ MSE = 0.2946 | LCC = 0.7326 | SRCC = 0.7237 ]
INFO:root:Average loss=0.3717603385448456
INFO:root:
[NISQA_VAL_SIM][mos][8][UTT][ MSE = 0.2619 | LCC = 0.9218 | SRCC = 0.9209 ]
INFO:root:
[NISQA_VAL_SIM][noi][8][UTT][ MSE = 0.2529 | LCC = 0.8827 | SRCC = 0.8598 ]
INFO:root:
[NISQA_VAL_SIM][col][8][UTT][ MSE = 0.2837 | LCC = 0.8572 | SRCC = 0.8539 ]
INFO:root:
[NISQA_VAL_SIM][dis][8][UTT][ MSE = 0.2816 | LCC = 0.8744 | SRCC = 0.8306 ]
INFO:root:
[NISQA_VAL_SIM][loud][8][UTT][ MSE = 0.2982 | LCC = 0.7935 | SRCC = 0.7883 ]
INFO:root:
[NISQA_VAL_LIVE][mos][8][UTT][ MSE = 0.1792 | LCC = 0.8743 | SRCC = 0.8734 ]
INFO:root:
[NISQA_VAL_LIVE][noi][8][UTT][ MSE = 0.2900 | LCC = 0.7340 | SRCC = 0.7148 ]
INFO:root:
[NISQA_VAL_LIVE][col][8][UTT][ MSE = 0.2726 | LCC = 0.5865 | SRCC = 0.5624 ]
INFO:root:
[NISQA_VAL_LIVE][dis][8][UTT][ MSE = 0.2880 | LCC = 0.6178 | SRCC = 0.6302 ]
INFO:root:
[NISQA_VAL_LIVE][loud][8][UTT][ MSE = 0.2917 | LCC = 0.7232 | SRCC = 0.7180 ]
INFO:root:Average loss=0.3595767915248871
INFO:root:
[NISQA_VAL_SIM][mos][9][UTT][ MSE = 0.2521 | LCC = 0.9227 | SRCC = 0.9218 ]
INFO:root:
[NISQA_VAL_SIM][noi][9][UTT][ MSE = 0.2589 | LCC = 0.8818 | SRCC = 0.8572 ]
INFO:root:
[NISQA_VAL_SIM][col][9][UTT][ MSE = 0.2802 | LCC = 0.8595 | SRCC = 0.8566 ]
INFO:root:
[NISQA_VAL_SIM][dis][9][UTT][ MSE = 0.2777 | LCC = 0.8771 | SRCC = 0.8361 ]
INFO:root:
[NISQA_VAL_SIM][loud][9][UTT][ MSE = 0.2933 | LCC = 0.7980 | SRCC = 0.7913 ]
INFO:root:
[NISQA_VAL_LIVE][mos][9][UTT][ MSE = 0.1679 | LCC = 0.8655 | SRCC = 0.8686 ]
INFO:root:
[NISQA_VAL_LIVE][noi][9][UTT][ MSE = 0.2822 | LCC = 0.7271 | SRCC = 0.6985 ]
INFO:root:
[NISQA_VAL_LIVE][col][9][UTT][ MSE = 0.2508 | LCC = 0.5728 | SRCC = 0.5483 ]
INFO:root:
[NISQA_VAL_LIVE][dis][9][UTT][ MSE = 0.2975 | LCC = 0.6145 | SRCC = 0.6276 ]
INFO:root:
[NISQA_VAL_LIVE][loud][9][UTT][ MSE = 0.2603 | LCC = 0.7317 | SRCC = 0.7206 ]
INFO:root:Average loss=0.3483916223049164
INFO:root:
[NISQA_VAL_SIM][mos][10][UTT][ MSE = 0.2827 | LCC = 0.9213 | SRCC = 0.9207 ]
INFO:root:
[NISQA_VAL_SIM][noi][10][UTT][ MSE = 0.2585 | LCC = 0.8832 | SRCC = 0.8584 ]
INFO:root:
[NISQA_VAL_SIM][col][10][UTT][ MSE = 0.2869 | LCC = 0.8567 | SRCC = 0.8535 ]
INFO:root:
[NISQA_VAL_SIM][dis][10][UTT][ MSE = 0.2941 | LCC = 0.8742 | SRCC = 0.8326 ]
INFO:root:
[NISQA_VAL_SIM][loud][10][UTT][ MSE = 0.3057 | LCC = 0.7968 | SRCC = 0.7888 ]
INFO:root:
[NISQA_VAL_LIVE][mos][10][UTT][ MSE = 0.1645 | LCC = 0.8663 | SRCC = 0.8689 ]
INFO:root:
[NISQA_VAL_LIVE][noi][10][UTT][ MSE = 0.2739 | LCC = 0.7305 | SRCC = 0.7116 ]
INFO:root:
[NISQA_VAL_LIVE][col][10][UTT][ MSE = 0.3096 | LCC = 0.5804 | SRCC = 0.5600 ]
INFO:root:
[NISQA_VAL_LIVE][dis][10][UTT][ MSE = 0.3192 | LCC = 0.6157 | SRCC = 0.6273 ]
INFO:root:
[NISQA_VAL_LIVE][loud][10][UTT][ MSE = 0.2868 | LCC = 0.7266 | SRCC = 0.7185 ]
INFO:root:Average loss=0.3384315073490143
INFO:root:
[NISQA_VAL_SIM][mos][11][UTT][ MSE = 0.2578 | LCC = 0.9239 | SRCC = 0.9225 ]
INFO:root:
[NISQA_VAL_SIM][noi][11][UTT][ MSE = 0.2559 | LCC = 0.8820 | SRCC = 0.8569 ]
INFO:root:
[NISQA_VAL_SIM][col][11][UTT][ MSE = 0.2880 | LCC = 0.8552 | SRCC = 0.8520 ]
INFO:root:
[NISQA_VAL_SIM][dis][11][UTT][ MSE = 0.2677 | LCC = 0.8780 | SRCC = 0.8346 ]
INFO:root:
[NISQA_VAL_SIM][loud][11][UTT][ MSE = 0.3076 | LCC = 0.7954 | SRCC = 0.7862 ]
INFO:root:
[NISQA_VAL_LIVE][mos][11][UTT][ MSE = 0.1763 | LCC = 0.8668 | SRCC = 0.8669 ]
INFO:root:
[NISQA_VAL_LIVE][noi][11][UTT][ MSE = 0.2869 | LCC = 0.7326 | SRCC = 0.7176 ]
INFO:root:
[NISQA_VAL_LIVE][col][11][UTT][ MSE = 0.2582 | LCC = 0.5891 | SRCC = 0.5737 ]
INFO:root:
[NISQA_VAL_LIVE][dis][11][UTT][ MSE = 0.2981 | LCC = 0.6041 | SRCC = 0.6199 ]
INFO:root:
[NISQA_VAL_LIVE][loud][11][UTT][ MSE = 0.2698 | LCC = 0.7368 | SRCC = 0.7312 ]
INFO:root:Average loss=0.3295716941356659
INFO:root:
[NISQA_VAL_SIM][mos][12][UTT][ MSE = 0.2396 | LCC = 0.9226 | SRCC = 0.9216 ]
INFO:root:
[NISQA_VAL_SIM][noi][12][UTT][ MSE = 0.2374 | LCC = 0.8813 | SRCC = 0.8547 ]
INFO:root:
[NISQA_VAL_SIM][col][12][UTT][ MSE = 0.2846 | LCC = 0.8555 | SRCC = 0.8517 ]
INFO:root:
[NISQA_VAL_SIM][dis][12][UTT][ MSE = 0.2578 | LCC = 0.8789 | SRCC = 0.8370 ]
INFO:root:
[NISQA_VAL_SIM][loud][12][UTT][ MSE = 0.2747 | LCC = 0.7935 | SRCC = 0.7854 ]
INFO:root:
[NISQA_VAL_LIVE][mos][12][UTT][ MSE = 0.1753 | LCC = 0.8737 | SRCC = 0.8702 ]
INFO:root:
[NISQA_VAL_LIVE][noi][12][UTT][ MSE = 0.2630 | LCC = 0.7404 | SRCC = 0.7227 ]
INFO:root:
[NISQA_VAL_LIVE][col][12][UTT][ MSE = 0.2990 | LCC = 0.6057 | SRCC = 0.5805 ]
INFO:root:
[NISQA_VAL_LIVE][dis][12][UTT][ MSE = 0.2967 | LCC = 0.6083 | SRCC = 0.6219 ]
INFO:root:
[NISQA_VAL_LIVE][loud][12][UTT][ MSE = 0.3247 | LCC = 0.7170 | SRCC = 0.7162 ]
INFO:root:Average loss=0.316958487033844
INFO:root:
[NISQA_VAL_SIM][mos][13][UTT][ MSE = 0.2592 | LCC = 0.9236 | SRCC = 0.9220 ]
INFO:root:
[NISQA_VAL_SIM][noi][13][UTT][ MSE = 0.2495 | LCC = 0.8822 | SRCC = 0.8564 ]
INFO:root:
[NISQA_VAL_SIM][col][13][UTT][ MSE = 0.2842 | LCC = 0.8533 | SRCC = 0.8515 ]
INFO:root:
[NISQA_VAL_SIM][dis][13][UTT][ MSE = 0.2783 | LCC = 0.8759 | SRCC = 0.8315 ]
INFO:root:
[NISQA_VAL_SIM][loud][13][UTT][ MSE = 0.2976 | LCC = 0.7954 | SRCC = 0.7853 ]
INFO:root:
[NISQA_VAL_LIVE][mos][13][UTT][ MSE = 0.1702 | LCC = 0.8629 | SRCC = 0.8634 ]
INFO:root:
[NISQA_VAL_LIVE][noi][13][UTT][ MSE = 0.2661 | LCC = 0.7375 | SRCC = 0.7148 ]
INFO:root:
[NISQA_VAL_LIVE][col][13][UTT][ MSE = 0.2238 | LCC = 0.5545 | SRCC = 0.5359 ]
INFO:root:
[NISQA_VAL_LIVE][dis][13][UTT][ MSE = 0.2958 | LCC = 0.5991 | SRCC = 0.6270 ]
INFO:root:
[NISQA_VAL_LIVE][loud][13][UTT][ MSE = 0.2830 | LCC = 0.7197 | SRCC = 0.7131 ]
INFO:root:Average loss=0.31097328662872314
INFO:root:
[NISQA_VAL_SIM][mos][14][UTT][ MSE = 0.2533 | LCC = 0.9229 | SRCC = 0.9213 ]
INFO:root:
[NISQA_VAL_SIM][noi][14][UTT][ MSE = 0.2459 | LCC = 0.8829 | SRCC = 0.8567 ]
INFO:root:
[NISQA_VAL_SIM][col][14][UTT][ MSE = 0.2840 | LCC = 0.8531 | SRCC = 0.8505 ]
INFO:root:
[NISQA_VAL_SIM][dis][14][UTT][ MSE = 0.2847 | LCC = 0.8751 | SRCC = 0.8323 ]
INFO:root:
[NISQA_VAL_SIM][loud][14][UTT][ MSE = 0.2774 | LCC = 0.7967 | SRCC = 0.7877 ]
INFO:root:
[NISQA_VAL_LIVE][mos][14][UTT][ MSE = 0.1826 | LCC = 0.8669 | SRCC = 0.8655 ]
INFO:root:
[NISQA_VAL_LIVE][noi][14][UTT][ MSE = 0.2747 | LCC = 0.7378 | SRCC = 0.7188 ]
INFO:root:
[NISQA_VAL_LIVE][col][14][UTT][ MSE = 0.2548 | LCC = 0.5774 | SRCC = 0.5563 ]
INFO:root:
[NISQA_VAL_LIVE][dis][14][UTT][ MSE = 0.3047 | LCC = 0.6042 | SRCC = 0.6209 ]
INFO:root:
[NISQA_VAL_LIVE][loud][14][UTT][ MSE = 0.2924 | LCC = 0.7161 | SRCC = 0.7151 ]
INFO:root:Average loss=0.30375176668167114
INFO:root:
[NISQA_VAL_SIM][mos][15][UTT][ MSE = 0.2569 | LCC = 0.9223 | SRCC = 0.9219 ]
INFO:root:
[NISQA_VAL_SIM][noi][15][UTT][ MSE = 0.2468 | LCC = 0.8823 | SRCC = 0.8574 ]
INFO:root:
[NISQA_VAL_SIM][col][15][UTT][ MSE = 0.2749 | LCC = 0.8551 | SRCC = 0.8533 ]
INFO:root:
[NISQA_VAL_SIM][dis][15][UTT][ MSE = 0.2659 | LCC = 0.8737 | SRCC = 0.8295 ]
INFO:root:
[NISQA_VAL_SIM][loud][15][UTT][ MSE = 0.3080 | LCC = 0.7953 | SRCC = 0.7866 ]
INFO:root:
[NISQA_VAL_LIVE][mos][15][UTT][ MSE = 0.1754 | LCC = 0.8510 | SRCC = 0.8498 ]
INFO:root:
[NISQA_VAL_LIVE][noi][15][UTT][ MSE = 0.2677 | LCC = 0.7385 | SRCC = 0.7218 ]
INFO:root:
[NISQA_VAL_LIVE][col][15][UTT][ MSE = 0.2261 | LCC = 0.5589 | SRCC = 0.5393 ]
INFO:root:
[NISQA_VAL_LIVE][dis][15][UTT][ MSE = 0.2954 | LCC = 0.5947 | SRCC = 0.6044 ]
INFO:root:
[NISQA_VAL_LIVE][loud][15][UTT][ MSE = 0.2717 | LCC = 0.7090 | SRCC = 0.6988 ]
INFO:root:Average loss=0.29424476623535156
INFO:root:
[NISQA_VAL_SIM][mos][16][UTT][ MSE = 0.2334 | LCC = 0.9229 | SRCC = 0.9215 ]
INFO:root:
[NISQA_VAL_SIM][noi][16][UTT][ MSE = 0.2348 | LCC = 0.8812 | SRCC = 0.8551 ]
INFO:root:
[NISQA_VAL_SIM][col][16][UTT][ MSE = 0.2860 | LCC = 0.8568 | SRCC = 0.8530 ]
INFO:root:
[NISQA_VAL_SIM][dis][16][UTT][ MSE = 0.2607 | LCC = 0.8753 | SRCC = 0.8307 ]
INFO:root:
[NISQA_VAL_SIM][loud][16][UTT][ MSE = 0.2732 | LCC = 0.7956 | SRCC = 0.7848 ]
INFO:root:
[NISQA_VAL_LIVE][mos][16][UTT][ MSE = 0.1679 | LCC = 0.8592 | SRCC = 0.8587 ]
INFO:root:
[NISQA_VAL_LIVE][noi][16][UTT][ MSE = 0.2609 | LCC = 0.7342 | SRCC = 0.7180 ]
INFO:root:
[NISQA_VAL_LIVE][col][16][UTT][ MSE = 0.3418 | LCC = 0.5628 | SRCC = 0.5467 ]
INFO:root:
[NISQA_VAL_LIVE][dis][16][UTT][ MSE = 0.3069 | LCC = 0.5898 | SRCC = 0.6110 ]
INFO:root:
[NISQA_VAL_LIVE][loud][16][UTT][ MSE = 0.2685 | LCC = 0.7296 | SRCC = 0.7274 ]
INFO:root:Average loss=0.28466060757637024
INFO:root:
[NISQA_VAL_SIM][mos][17][UTT][ MSE = 0.2280 | LCC = 0.9223 | SRCC = 0.9212 ]
INFO:root:
[NISQA_VAL_SIM][noi][17][UTT][ MSE = 0.2375 | LCC = 0.8803 | SRCC = 0.8535 ]
INFO:root:
[NISQA_VAL_SIM][col][17][UTT][ MSE = 0.2656 | LCC = 0.8555 | SRCC = 0.8515 ]
INFO:root:
[NISQA_VAL_SIM][dis][17][UTT][ MSE = 0.2664 | LCC = 0.8752 | SRCC = 0.8332 ]
INFO:root:
[NISQA_VAL_SIM][loud][17][UTT][ MSE = 0.2668 | LCC = 0.7969 | SRCC = 0.7868 ]
INFO:root:
[NISQA_VAL_LIVE][mos][17][UTT][ MSE = 0.1763 | LCC = 0.8573 | SRCC = 0.8577 ]
INFO:root:
[NISQA_VAL_LIVE][noi][17][UTT][ MSE = 0.2725 | LCC = 0.7292 | SRCC = 0.7128 ]
INFO:root:
[NISQA_VAL_LIVE][col][17][UTT][ MSE = 0.2770 | LCC = 0.5686 | SRCC = 0.5469 ]
INFO:root:
[NISQA_VAL_LIVE][dis][17][UTT][ MSE = 0.2998 | LCC = 0.5836 | SRCC = 0.6030 ]
INFO:root:
[NISQA_VAL_LIVE][loud][17][UTT][ MSE = 0.2962 | LCC = 0.7213 | SRCC = 0.7254 ]
INFO:root:Average loss=0.28039294481277466
INFO:root:
[NISQA_VAL_SIM][mos][18][UTT][ MSE = 0.2581 | LCC = 0.9226 | SRCC = 0.9212 ]
INFO:root:
[NISQA_VAL_SIM][noi][18][UTT][ MSE = 0.2636 | LCC = 0.8797 | SRCC = 0.8528 ]
INFO:root:
[NISQA_VAL_SIM][col][18][UTT][ MSE = 0.2712 | LCC = 0.8536 | SRCC = 0.8504 ]
INFO:root:
[NISQA_VAL_SIM][dis][18][UTT][ MSE = 0.2701 | LCC = 0.8751 | SRCC = 0.8307 ]
INFO:root:
[NISQA_VAL_SIM][loud][18][UTT][ MSE = 0.2983 | LCC = 0.7931 | SRCC = 0.7836 ]
INFO:root:
[NISQA_VAL_LIVE][mos][18][UTT][ MSE = 0.1788 | LCC = 0.8455 | SRCC = 0.8472 ]
INFO:root:
[NISQA_VAL_LIVE][noi][18][UTT][ MSE = 0.2649 | LCC = 0.7400 | SRCC = 0.7256 ]
INFO:root:
[NISQA_VAL_LIVE][col][18][UTT][ MSE = 0.2626 | LCC = 0.5446 | SRCC = 0.5347 ]
INFO:root:
[NISQA_VAL_LIVE][dis][18][UTT][ MSE = 0.3003 | LCC = 0.5839 | SRCC = 0.6092 ]
INFO:root:
[NISQA_VAL_LIVE][loud][18][UTT][ MSE = 0.2601 | LCC = 0.7134 | SRCC = 0.7089 ]
INFO:root:Average loss=0.27323392033576965
INFO:root:
[NISQA_VAL_SIM][mos][19][UTT][ MSE = 0.2500 | LCC = 0.9221 | SRCC = 0.9204 ]
INFO:root:
[NISQA_VAL_SIM][noi][19][UTT][ MSE = 0.2591 | LCC = 0.8781 | SRCC = 0.8498 ]
INFO:root:
[NISQA_VAL_SIM][col][19][UTT][ MSE = 0.2779 | LCC = 0.8510 | SRCC = 0.8476 ]
INFO:root:
[NISQA_VAL_SIM][dis][19][UTT][ MSE = 0.2906 | LCC = 0.8736 | SRCC = 0.8297 ]
INFO:root:
[NISQA_VAL_SIM][loud][19][UTT][ MSE = 0.2927 | LCC = 0.7942 | SRCC = 0.7845 ]
INFO:root:
[NISQA_VAL_LIVE][mos][19][UTT][ MSE = 0.1748 | LCC = 0.8500 | SRCC = 0.8470 ]
INFO:root:
[NISQA_VAL_LIVE][noi][19][UTT][ MSE = 0.2615 | LCC = 0.7492 | SRCC = 0.7377 ]
INFO:root:
[NISQA_VAL_LIVE][col][19][UTT][ MSE = 0.2357 | LCC = 0.5856 | SRCC = 0.5605 ]
INFO:root:
[NISQA_VAL_LIVE][dis][19][UTT][ MSE = 0.3253 | LCC = 0.6056 | SRCC = 0.6272 ]
INFO:root:
[NISQA_VAL_LIVE][loud][19][UTT][ MSE = 0.2530 | LCC = 0.7261 | SRCC = 0.7231 ]
INFO:root:Average loss=0.26515066623687744
INFO:root:
[NISQA_VAL_SIM][mos][20][UTT][ MSE = 0.2363 | LCC = 0.9213 | SRCC = 0.9200 ]
INFO:root:
[NISQA_VAL_SIM][noi][20][UTT][ MSE = 0.2528 | LCC = 0.8774 | SRCC = 0.8484 ]
INFO:root:
[NISQA_VAL_SIM][col][20][UTT][ MSE = 0.2628 | LCC = 0.8506 | SRCC = 0.8473 ]
INFO:root:
[NISQA_VAL_SIM][dis][20][UTT][ MSE = 0.2817 | LCC = 0.8734 | SRCC = 0.8326 ]
INFO:root:
[NISQA_VAL_SIM][loud][20][UTT][ MSE = 0.2818 | LCC = 0.7918 | SRCC = 0.7812 ]
INFO:root:
[NISQA_VAL_LIVE][mos][20][UTT][ MSE = 0.1635 | LCC = 0.8361 | SRCC = 0.8399 ]
INFO:root:
[NISQA_VAL_LIVE][noi][20][UTT][ MSE = 0.2545 | LCC = 0.7489 | SRCC = 0.7310 ]
INFO:root:
[NISQA_VAL_LIVE][col][20][UTT][ MSE = 0.2161 | LCC = 0.5717 | SRCC = 0.5490 ]
INFO:root:
[NISQA_VAL_LIVE][dis][20][UTT][ MSE = 0.3261 | LCC = 0.5953 | SRCC = 0.6227 ]
INFO:root:
[NISQA_VAL_LIVE][loud][20][UTT][ MSE = 0.2468 | LCC = 0.7177 | SRCC = 0.7098 ]
INFO:root:Average loss=0.2591276168823242
INFO:root:
[NISQA_VAL_SIM][mos][21][UTT][ MSE = 0.2697 | LCC = 0.9209 | SRCC = 0.9195 ]
INFO:root:
[NISQA_VAL_SIM][noi][21][UTT][ MSE = 0.2480 | LCC = 0.8788 | SRCC = 0.8504 ]
INFO:root:
[NISQA_VAL_SIM][col][21][UTT][ MSE = 0.3148 | LCC = 0.8435 | SRCC = 0.8415 ]
INFO:root:
[NISQA_VAL_SIM][dis][21][UTT][ MSE = 0.2814 | LCC = 0.8721 | SRCC = 0.8260 ]
INFO:root:
[NISQA_VAL_SIM][loud][21][UTT][ MSE = 0.3073 | LCC = 0.7911 | SRCC = 0.7782 ]
INFO:root:
[NISQA_VAL_LIVE][mos][21][UTT][ MSE = 0.1973 | LCC = 0.8406 | SRCC = 0.8366 ]
INFO:root:
[NISQA_VAL_LIVE][noi][21][UTT][ MSE = 0.2599 | LCC = 0.7397 | SRCC = 0.7303 ]
INFO:root:
[NISQA_VAL_LIVE][col][21][UTT][ MSE = 0.2238 | LCC = 0.5208 | SRCC = 0.5023 ]
INFO:root:
[NISQA_VAL_LIVE][dis][21][UTT][ MSE = 0.2964 | LCC = 0.5998 | SRCC = 0.6352 ]
INFO:root:
[NISQA_VAL_LIVE][loud][21][UTT][ MSE = 0.2823 | LCC = 0.7203 | SRCC = 0.7116 ]
INFO:root:Average loss=0.2564953565597534
INFO:root:
[NISQA_VAL_SIM][mos][22][UTT][ MSE = 0.2359 | LCC = 0.9203 | SRCC = 0.9189 ]
INFO:root:
[NISQA_VAL_SIM][noi][22][UTT][ MSE = 0.2433 | LCC = 0.8782 | SRCC = 0.8506 ]
INFO:root:
[NISQA_VAL_SIM][col][22][UTT][ MSE = 0.2678 | LCC = 0.8521 | SRCC = 0.8480 ]
INFO:root:
[NISQA_VAL_SIM][dis][22][UTT][ MSE = 0.2692 | LCC = 0.8715 | SRCC = 0.8270 ]
INFO:root:
[NISQA_VAL_SIM][loud][22][UTT][ MSE = 0.2719 | LCC = 0.7916 | SRCC = 0.7810 ]
INFO:root:
[NISQA_VAL_LIVE][mos][22][UTT][ MSE = 0.1898 | LCC = 0.8490 | SRCC = 0.8483 ]
INFO:root:
[NISQA_VAL_LIVE][noi][22][UTT][ MSE = 0.2755 | LCC = 0.7163 | SRCC = 0.7030 ]
INFO:root:
[NISQA_VAL_LIVE][col][22][UTT][ MSE = 0.2776 | LCC = 0.5596 | SRCC = 0.5475 ]
INFO:root:
[NISQA_VAL_LIVE][dis][22][UTT][ MSE = 0.2991 | LCC = 0.5808 | SRCC = 0.6168 ]
INFO:root:
[NISQA_VAL_LIVE][loud][22][UTT][ MSE = 0.2724 | LCC = 0.7244 | SRCC = 0.7311 ]
INFO:root:Average loss=0.2475593239068985
INFO:root:
[NISQA_VAL_SIM][mos][23][UTT][ MSE = 0.2415 | LCC = 0.9199 | SRCC = 0.9185 ]
INFO:root:
[NISQA_VAL_SIM][noi][23][UTT][ MSE = 0.2570 | LCC = 0.8755 | SRCC = 0.8464 ]
INFO:root:
[NISQA_VAL_SIM][col][23][UTT][ MSE = 0.2786 | LCC = 0.8469 | SRCC = 0.8436 ]
INFO:root:
[NISQA_VAL_SIM][dis][23][UTT][ MSE = 0.2640 | LCC = 0.8723 | SRCC = 0.8256 ]
INFO:root:
[NISQA_VAL_SIM][loud][23][UTT][ MSE = 0.2905 | LCC = 0.7912 | SRCC = 0.7794 ]
INFO:root:
[NISQA_VAL_LIVE][mos][23][UTT][ MSE = 0.1710 | LCC = 0.8534 | SRCC = 0.8529 ]
INFO:root:
[NISQA_VAL_LIVE][noi][23][UTT][ MSE = 0.2679 | LCC = 0.7390 | SRCC = 0.7253 ]
INFO:root:
[NISQA_VAL_LIVE][col][23][UTT][ MSE = 0.2491 | LCC = 0.5571 | SRCC = 0.5459 ]
INFO:root:
[NISQA_VAL_LIVE][dis][23][UTT][ MSE = 0.3080 | LCC = 0.6012 | SRCC = 0.6216 ]
INFO:root:
[NISQA_VAL_LIVE][loud][23][UTT][ MSE = 0.2599 | LCC = 0.7213 | SRCC = 0.7211 ]
INFO:root:Average loss=0.24276094138622284
INFO:root:
[NISQA_VAL_SIM][mos][24][UTT][ MSE = 0.2426 | LCC = 0.9196 | SRCC = 0.9187 ]
INFO:root:
[NISQA_VAL_SIM][noi][24][UTT][ MSE = 0.2528 | LCC = 0.8768 | SRCC = 0.8486 ]
INFO:root:
[NISQA_VAL_SIM][col][24][UTT][ MSE = 0.2624 | LCC = 0.8492 | SRCC = 0.8459 ]
INFO:root:
[NISQA_VAL_SIM][dis][24][UTT][ MSE = 0.2738 | LCC = 0.8710 | SRCC = 0.8270 ]
INFO:root:
[NISQA_VAL_SIM][loud][24][UTT][ MSE = 0.2869 | LCC = 0.7907 | SRCC = 0.7809 ]
INFO:root:
[NISQA_VAL_LIVE][mos][24][UTT][ MSE = 0.1657 | LCC = 0.8428 | SRCC = 0.8458 ]
INFO:root:
[NISQA_VAL_LIVE][noi][24][UTT][ MSE = 0.2543 | LCC = 0.7447 | SRCC = 0.7262 ]
INFO:root:
[NISQA_VAL_LIVE][col][24][UTT][ MSE = 0.2677 | LCC = 0.5752 | SRCC = 0.5578 ]
INFO:root:
[NISQA_VAL_LIVE][dis][24][UTT][ MSE = 0.3153 | LCC = 0.6033 | SRCC = 0.6234 ]
INFO:root:
[NISQA_VAL_LIVE][loud][24][UTT][ MSE = 0.2553 | LCC = 0.7103 | SRCC = 0.7058 ]
INFO:root:Average loss=0.2395423948764801
INFO:root:
[NISQA_VAL_SIM][mos][25][UTT][ MSE = 0.2362 | LCC = 0.9203 | SRCC = 0.9186 ]
INFO:root:
[NISQA_VAL_SIM][noi][25][UTT][ MSE = 0.2407 | LCC = 0.8770 | SRCC = 0.8493 ]
INFO:root:
[NISQA_VAL_SIM][col][25][UTT][ MSE = 0.2746 | LCC = 0.8482 | SRCC = 0.8444 ]
INFO:root:
[NISQA_VAL_SIM][dis][25][UTT][ MSE = 0.2693 | LCC = 0.8703 | SRCC = 0.8282 ]
INFO:root:
[NISQA_VAL_SIM][loud][25][UTT][ MSE = 0.2762 | LCC = 0.7919 | SRCC = 0.7803 ]
INFO:root:
[NISQA_VAL_LIVE][mos][25][UTT][ MSE = 0.1732 | LCC = 0.8402 | SRCC = 0.8431 ]
INFO:root:
[NISQA_VAL_LIVE][noi][25][UTT][ MSE = 0.2457 | LCC = 0.7551 | SRCC = 0.7456 ]
INFO:root:
[NISQA_VAL_LIVE][col][25][UTT][ MSE = 0.2981 | LCC = 0.5537 | SRCC = 0.5479 ]
INFO:root:
[NISQA_VAL_LIVE][dis][25][UTT][ MSE = 0.2958 | LCC = 0.5981 | SRCC = 0.6289 ]
INFO:root:
[NISQA_VAL_LIVE][loud][25][UTT][ MSE = 0.2753 | LCC = 0.7098 | SRCC = 0.7086 ]
INFO:root:Average loss=0.23504653573036194
INFO:root:
[NISQA_VAL_SIM][mos][26][UTT][ MSE = 0.2276 | LCC = 0.9192 | SRCC = 0.9176 ]
INFO:root:
[NISQA_VAL_SIM][noi][26][UTT][ MSE = 0.2509 | LCC = 0.8740 | SRCC = 0.8454 ]
INFO:root:
[NISQA_VAL_SIM][col][26][UTT][ MSE = 0.2723 | LCC = 0.8462 | SRCC = 0.8426 ]
INFO:root:
[NISQA_VAL_SIM][dis][26][UTT][ MSE = 0.2677 | LCC = 0.8704 | SRCC = 0.8295 ]
INFO:root:
[NISQA_VAL_SIM][loud][26][UTT][ MSE = 0.2972 | LCC = 0.7859 | SRCC = 0.7745 ]
INFO:root:
[NISQA_VAL_LIVE][mos][26][UTT][ MSE = 0.1819 | LCC = 0.8255 | SRCC = 0.8304 ]
INFO:root:
[NISQA_VAL_LIVE][noi][26][UTT][ MSE = 0.2653 | LCC = 0.7290 | SRCC = 0.7153 ]
INFO:root:
[NISQA_VAL_LIVE][col][26][UTT][ MSE = 0.2548 | LCC = 0.5406 | SRCC = 0.5364 ]
INFO:root:
[NISQA_VAL_LIVE][dis][26][UTT][ MSE = 0.3221 | LCC = 0.6044 | SRCC = 0.6247 ]
INFO:root:
[NISQA_VAL_LIVE][loud][26][UTT][ MSE = 0.2695 | LCC = 0.7024 | SRCC = 0.7014 ]
INFO:root:Average loss=0.22853565216064453
INFO:root:
[NISQA_VAL_SIM][mos][27][UTT][ MSE = 0.2348 | LCC = 0.9208 | SRCC = 0.9194 ]
INFO:root:
[NISQA_VAL_SIM][noi][27][UTT][ MSE = 0.2460 | LCC = 0.8754 | SRCC = 0.8468 ]
INFO:root:
[NISQA_VAL_SIM][col][27][UTT][ MSE = 0.2712 | LCC = 0.8463 | SRCC = 0.8429 ]
INFO:root:
[NISQA_VAL_SIM][dis][27][UTT][ MSE = 0.2779 | LCC = 0.8692 | SRCC = 0.8265 ]
INFO:root:
[NISQA_VAL_SIM][loud][27][UTT][ MSE = 0.2807 | LCC = 0.7911 | SRCC = 0.7802 ]
INFO:root:
[NISQA_VAL_LIVE][mos][27][UTT][ MSE = 0.1699 | LCC = 0.8331 | SRCC = 0.8357 ]
INFO:root:
[NISQA_VAL_LIVE][noi][27][UTT][ MSE = 0.2660 | LCC = 0.7372 | SRCC = 0.7226 ]
INFO:root:
[NISQA_VAL_LIVE][col][27][UTT][ MSE = 0.2374 | LCC = 0.5479 | SRCC = 0.5391 ]
INFO:root:
[NISQA_VAL_LIVE][dis][27][UTT][ MSE = 0.3449 | LCC = 0.5957 | SRCC = 0.6251 ]
INFO:root:
[NISQA_VAL_LIVE][loud][27][UTT][ MSE = 0.2613 | LCC = 0.7232 | SRCC = 0.7197 ]
INFO:root:Average loss=0.22418668866157532
INFO:root:
[NISQA_VAL_SIM][mos][28][UTT][ MSE = 0.2439 | LCC = 0.9189 | SRCC = 0.9174 ]
INFO:root:
[NISQA_VAL_SIM][noi][28][UTT][ MSE = 0.2571 | LCC = 0.8738 | SRCC = 0.8450 ]
INFO:root:
[NISQA_VAL_SIM][col][28][UTT][ MSE = 0.2855 | LCC = 0.8429 | SRCC = 0.8396 ]
INFO:root:
[NISQA_VAL_SIM][dis][28][UTT][ MSE = 0.2902 | LCC = 0.8686 | SRCC = 0.8246 ]
INFO:root:
[NISQA_VAL_SIM][loud][28][UTT][ MSE = 0.2942 | LCC = 0.7904 | SRCC = 0.7784 ]
INFO:root:
[NISQA_VAL_LIVE][mos][28][UTT][ MSE = 0.1763 | LCC = 0.8431 | SRCC = 0.8433 ]
INFO:root:
[NISQA_VAL_LIVE][noi][28][UTT][ MSE = 0.2499 | LCC = 0.7431 | SRCC = 0.7262 ]
INFO:root:
[NISQA_VAL_LIVE][col][28][UTT][ MSE = 0.2299 | LCC = 0.5539 | SRCC = 0.5373 ]
INFO:root:
[NISQA_VAL_LIVE][dis][28][UTT][ MSE = 0.3499 | LCC = 0.5926 | SRCC = 0.6322 ]
INFO:root:
[NISQA_VAL_LIVE][loud][28][UTT][ MSE = 0.2696 | LCC = 0.7180 | SRCC = 0.7171 ]
INFO:root:Average loss=0.22185944020748138
INFO:root:
[NISQA_VAL_SIM][mos][29][UTT][ MSE = 0.2396 | LCC = 0.9197 | SRCC = 0.9179 ]
INFO:root:
[NISQA_VAL_SIM][noi][29][UTT][ MSE = 0.2472 | LCC = 0.8757 | SRCC = 0.8487 ]
INFO:root:
[NISQA_VAL_SIM][col][29][UTT][ MSE = 0.2848 | LCC = 0.8441 | SRCC = 0.8412 ]
INFO:root:
[NISQA_VAL_SIM][dis][29][UTT][ MSE = 0.2634 | LCC = 0.8704 | SRCC = 0.8242 ]
INFO:root:
[NISQA_VAL_SIM][loud][29][UTT][ MSE = 0.2857 | LCC = 0.7899 | SRCC = 0.7772 ]
INFO:root:
[NISQA_VAL_LIVE][mos][29][UTT][ MSE = 0.1919 | LCC = 0.8400 | SRCC = 0.8394 ]
INFO:root:
[NISQA_VAL_LIVE][noi][29][UTT][ MSE = 0.2596 | LCC = 0.7336 | SRCC = 0.7192 ]
INFO:root:
[NISQA_VAL_LIVE][col][29][UTT][ MSE = 0.2152 | LCC = 0.5500 | SRCC = 0.5454 ]
INFO:root:
[NISQA_VAL_LIVE][dis][29][UTT][ MSE = 0.3055 | LCC = 0.5768 | SRCC = 0.6124 ]
INFO:root:
[NISQA_VAL_LIVE][loud][29][UTT][ MSE = 0.2929 | LCC = 0.7161 | SRCC = 0.7200 ]
INFO:root:Average loss=0.2180618941783905
INFO:root:
[NISQA_VAL_SIM][mos][30][UTT][ MSE = 0.2534 | LCC = 0.9197 | SRCC = 0.9180 ]
INFO:root:
[NISQA_VAL_SIM][noi][30][UTT][ MSE = 0.2500 | LCC = 0.8751 | SRCC = 0.8455 ]
INFO:root:
[NISQA_VAL_SIM][col][30][UTT][ MSE = 0.2779 | LCC = 0.8448 | SRCC = 0.8419 ]
INFO:root:
[NISQA_VAL_SIM][dis][30][UTT][ MSE = 0.2649 | LCC = 0.8718 | SRCC = 0.8265 ]
INFO:root:
[NISQA_VAL_SIM][loud][30][UTT][ MSE = 0.2880 | LCC = 0.7869 | SRCC = 0.7746 ]
INFO:root:
[NISQA_VAL_LIVE][mos][30][UTT][ MSE = 0.1756 | LCC = 0.8367 | SRCC = 0.8343 ]
INFO:root:
[NISQA_VAL_LIVE][noi][30][UTT][ MSE = 0.2598 | LCC = 0.7384 | SRCC = 0.7217 ]
INFO:root:
[NISQA_VAL_LIVE][col][30][UTT][ MSE = 0.2226 | LCC = 0.5549 | SRCC = 0.5445 ]
INFO:root:
[NISQA_VAL_LIVE][dis][30][UTT][ MSE = 0.3061 | LCC = 0.5851 | SRCC = 0.6142 ]
INFO:root:
[NISQA_VAL_LIVE][loud][30][UTT][ MSE = 0.2705 | LCC = 0.7176 | SRCC = 0.7218 ]
INFO:root:
[NISQA_VAL_SIM][mos][31][UTT][ MSE = 0.2578 | LCC = 0.9239 | SRCC = 0.9225 ]
INFO:root:
[NISQA_VAL_SIM][noi][31][UTT][ MSE = 0.2559 | LCC = 0.8820 | SRCC = 0.8569 ]
INFO:root:
[NISQA_VAL_SIM][col][31][UTT][ MSE = 0.2880 | LCC = 0.8552 | SRCC = 0.8520 ]
INFO:root:
[NISQA_VAL_SIM][dis][31][UTT][ MSE = 0.2677 | LCC = 0.8780 | SRCC = 0.8346 ]
INFO:root:
[NISQA_VAL_SIM][loud][31][UTT][ MSE = 0.3076 | LCC = 0.7954 | SRCC = 0.7862 ]
INFO:root:
[NISQA_VAL_LIVE][mos][31][UTT][ MSE = 0.1763 | LCC = 0.8668 | SRCC = 0.8669 ]
INFO:root:
[NISQA_VAL_LIVE][noi][31][UTT][ MSE = 0.2869 | LCC = 0.7326 | SRCC = 0.7176 ]
INFO:root:
[NISQA_VAL_LIVE][col][31][UTT][ MSE = 0.2582 | LCC = 0.5891 | SRCC = 0.5737 ]
INFO:root:
[NISQA_VAL_LIVE][dis][31][UTT][ MSE = 0.2981 | LCC = 0.6041 | SRCC = 0.6199 ]
INFO:root:
[NISQA_VAL_LIVE][loud][31][UTT][ MSE = 0.2698 | LCC = 0.7368 | SRCC = 0.7312 ]
INFO:root:
[NISQA_TEST_LIVETALK][mos][31][UTT][ MSE = 0.2154 | LCC = 0.9111 | SRCC = 0.9029 ]
INFO:root:
[NISQA_TEST_LIVETALK][noi][31][UTT][ MSE = 0.4371 | LCC = 0.7748 | SRCC = 0.7496 ]
INFO:root:
[NISQA_TEST_LIVETALK][col][31][UTT][ MSE = 0.1483 | LCC = 0.8806 | SRCC = 0.8772 ]
INFO:root:
[NISQA_TEST_LIVETALK][dis][31][UTT][ MSE = 0.3291 | LCC = 0.8343 | SRCC = 0.8373 ]
INFO:root:
[NISQA_TEST_LIVETALK][loud][31][UTT][ MSE = 0.2233 | LCC = 0.7958 | SRCC = 0.7771 ]
INFO:root:
[NISQA_TEST_FOR][mos][31][UTT][ MSE = 0.1917 | LCC = 0.9091 | SRCC = 0.9108 ]
INFO:root:
[NISQA_TEST_FOR][noi][31][UTT][ MSE = 0.1572 | LCC = 0.8808 | SRCC = 0.8690 ]
INFO:root:
[NISQA_TEST_FOR][col][31][UTT][ MSE = 0.1417 | LCC = 0.9052 | SRCC = 0.9074 ]
INFO:root:
[NISQA_TEST_FOR][dis][31][UTT][ MSE = 0.1649 | LCC = 0.9421 | SRCC = 0.9403 ]
INFO:root:
[NISQA_TEST_FOR][loud][31][UTT][ MSE = 0.4223 | LCC = 0.5258 | SRCC = 0.5458 ]
INFO:root:
[NISQA_TEST_P501][mos][31][UTT][ MSE = 0.2649 | LCC = 0.9311 | SRCC = 0.9347 ]
INFO:root:
[NISQA_TEST_P501][noi][31][UTT][ MSE = 0.2536 | LCC = 0.8967 | SRCC = 0.8591 ]
INFO:root:
[NISQA_TEST_P501][col][31][UTT][ MSE = 0.1971 | LCC = 0.8665 | SRCC = 0.8500 ]
INFO:root:
[NISQA_TEST_P501][dis][31][UTT][ MSE = 0.1893 | LCC = 0.9069 | SRCC = 0.9067 ]
INFO:root:
[NISQA_TEST_P501][loud][31][UTT][ MSE = 0.4178 | LCC = 0.7150 | SRCC = 0.7123 ]
